2019-04-08 14:48:23 INFO  CarPark:48 - =====Parking System info.======
2019-04-08 14:48:23 INFO  CarPark:50 - =====Parking Spec======
2019-04-08 14:48:23 INFO  CarPark:52 - name:Motorcycle, amount:15, price of hour:10, 
2019-04-08 14:48:23 INFO  CarPark:52 - name:Car, amount:20, price of hour:30, 
2019-04-08 14:48:23 INFO  CarPark:52 - name:Minibus, amount:5, price of hour:40, 
2019-04-08 14:48:23 INFO  CarPark:55 - =====Parking space status======
2019-04-08 14:48:23 INFO  CarPark:57 - name:Motorcycle, amount:15, price of hour:10, 
2019-04-08 14:48:23 INFO  CarPark:57 - name:Car, amount:20, price of hour:30, 
2019-04-08 14:48:23 INFO  CarPark:57 - name:Minibus, amount:5, price of hour:40, 
2019-04-08 14:56:33 INFO  CarPark:48 - =====Parking System Info.======
2019-04-08 14:56:33 INFO  CarPark:50 - =====Space Spec======
2019-04-08 14:56:34 INFO  CarPark:51 - name:Motorcycle, amount:15, price:10, 
2019-04-08 14:56:34 INFO  CarPark:51 - name:Car, amount:20, price:30, 
2019-04-08 14:56:34 INFO  CarPark:51 - name:Minibus, amount:5, price:40, 
2019-04-08 14:56:34 INFO  CarPark:53 - =====Space Status======
2019-04-08 14:56:34 INFO  CarPark:54 - [name:Minibus, uuid:Minibus_1, available:true, , name:Minibus, uuid:Minibus_2, available:true, , name:Minibus, uuid:Minibus_3, available:true, , name:Minibus, uuid:Minibus_4, available:true, , name:Minibus, uuid:Minibus_5, available:true, ]
2019-04-08 14:56:34 INFO  CarPark:54 - [name:Motorcycle, uuid:Motorcycle_1, available:true, , name:Motorcycle, uuid:Motorcycle_2, available:true, , name:Motorcycle, uuid:Motorcycle_3, available:true, , name:Motorcycle, uuid:Motorcycle_4, available:true, , name:Motorcycle, uuid:Motorcycle_5, available:true, , name:Motorcycle, uuid:Motorcycle_6, available:true, , name:Motorcycle, uuid:Motorcycle_7, available:true, , name:Motorcycle, uuid:Motorcycle_8, available:true, , name:Motorcycle, uuid:Motorcycle_9, available:true, , name:Motorcycle, uuid:Motorcycle_10, available:true, , name:Motorcycle, uuid:Motorcycle_11, available:true, , name:Motorcycle, uuid:Motorcycle_12, available:true, , name:Motorcycle, uuid:Motorcycle_13, available:true, , name:Motorcycle, uuid:Motorcycle_14, available:true, , name:Motorcycle, uuid:Motorcycle_15, available:true, ]
2019-04-08 14:56:34 INFO  CarPark:54 - [name:Car, uuid:Car_1, available:true, , name:Car, uuid:Car_2, available:true, , name:Car, uuid:Car_3, available:true, , name:Car, uuid:Car_4, available:true, , name:Car, uuid:Car_5, available:true, , name:Car, uuid:Car_6, available:true, , name:Car, uuid:Car_7, available:true, , name:Car, uuid:Car_8, available:true, , name:Car, uuid:Car_9, available:true, , name:Car, uuid:Car_10, available:true, , name:Car, uuid:Car_11, available:true, , name:Car, uuid:Car_12, available:true, , name:Car, uuid:Car_13, available:true, , name:Car, uuid:Car_14, available:true, , name:Car, uuid:Car_15, available:true, , name:Car, uuid:Car_16, available:true, , name:Car, uuid:Car_17, available:true, , name:Car, uuid:Car_18, available:true, , name:Car, uuid:Car_19, available:true, , name:Car, uuid:Car_20, available:true, ]
2019-04-08 14:57:31 INFO  CarPark:48 - =====Parking System Info.======
2019-04-08 14:57:31 INFO  CarPark:50 - =====Space Spec======
2019-04-08 14:57:32 INFO  CarPark:51 - name:Motorcycle, amount:15, price:10, 
2019-04-08 14:57:32 INFO  CarPark:51 - name:Car, amount:20, price:30, 
2019-04-08 14:57:32 INFO  CarPark:51 - name:Minibus, amount:5, price:40, 
2019-04-08 14:57:32 INFO  CarPark:53 - =====Space Status======
2019-04-08 14:57:32 INFO  CarPark:54 - name:Minibus, uuid:Minibus_1, available:true, 
2019-04-08 14:57:32 INFO  CarPark:54 - name:Minibus, uuid:Minibus_2, available:true, 
2019-04-08 14:57:32 INFO  CarPark:54 - name:Minibus, uuid:Minibus_3, available:true, 
2019-04-08 14:57:32 INFO  CarPark:54 - name:Minibus, uuid:Minibus_4, available:true, 
2019-04-08 14:57:32 INFO  CarPark:54 - name:Minibus, uuid:Minibus_5, available:true, 
2019-04-08 14:57:32 INFO  CarPark:54 - name:Motorcycle, uuid:Motorcycle_1, available:true, 
2019-04-08 14:57:32 INFO  CarPark:54 - name:Motorcycle, uuid:Motorcycle_2, available:true, 
2019-04-08 14:57:32 INFO  CarPark:54 - name:Motorcycle, uuid:Motorcycle_3, available:true, 
2019-04-08 14:57:32 INFO  CarPark:54 - name:Motorcycle, uuid:Motorcycle_4, available:true, 
2019-04-08 14:57:32 INFO  CarPark:54 - name:Motorcycle, uuid:Motorcycle_5, available:true, 
2019-04-08 14:57:32 INFO  CarPark:54 - name:Motorcycle, uuid:Motorcycle_6, available:true, 
2019-04-08 14:57:32 INFO  CarPark:54 - name:Motorcycle, uuid:Motorcycle_7, available:true, 
2019-04-08 14:57:32 INFO  CarPark:54 - name:Motorcycle, uuid:Motorcycle_8, available:true, 
2019-04-08 14:57:32 INFO  CarPark:54 - name:Motorcycle, uuid:Motorcycle_9, available:true, 
2019-04-08 14:57:32 INFO  CarPark:54 - name:Motorcycle, uuid:Motorcycle_10, available:true, 
2019-04-08 14:57:32 INFO  CarPark:54 - name:Motorcycle, uuid:Motorcycle_11, available:true, 
2019-04-08 14:57:32 INFO  CarPark:54 - name:Motorcycle, uuid:Motorcycle_12, available:true, 
2019-04-08 14:57:32 INFO  CarPark:54 - name:Motorcycle, uuid:Motorcycle_13, available:true, 
2019-04-08 14:57:32 INFO  CarPark:54 - name:Motorcycle, uuid:Motorcycle_14, available:true, 
2019-04-08 14:57:32 INFO  CarPark:54 - name:Motorcycle, uuid:Motorcycle_15, available:true, 
2019-04-08 14:57:32 INFO  CarPark:54 - name:Car, uuid:Car_1, available:true, 
2019-04-08 14:57:32 INFO  CarPark:54 - name:Car, uuid:Car_2, available:true, 
2019-04-08 14:57:32 INFO  CarPark:54 - name:Car, uuid:Car_3, available:true, 
2019-04-08 14:57:32 INFO  CarPark:54 - name:Car, uuid:Car_4, available:true, 
2019-04-08 14:57:32 INFO  CarPark:54 - name:Car, uuid:Car_5, available:true, 
2019-04-08 14:57:32 INFO  CarPark:54 - name:Car, uuid:Car_6, available:true, 
2019-04-08 14:57:32 INFO  CarPark:54 - name:Car, uuid:Car_7, available:true, 
2019-04-08 14:57:32 INFO  CarPark:54 - name:Car, uuid:Car_8, available:true, 
2019-04-08 14:57:32 INFO  CarPark:54 - name:Car, uuid:Car_9, available:true, 
2019-04-08 14:57:32 INFO  CarPark:54 - name:Car, uuid:Car_10, available:true, 
2019-04-08 14:57:32 INFO  CarPark:54 - name:Car, uuid:Car_11, available:true, 
2019-04-08 14:57:32 INFO  CarPark:54 - name:Car, uuid:Car_12, available:true, 
2019-04-08 14:57:32 INFO  CarPark:54 - name:Car, uuid:Car_13, available:true, 
2019-04-08 14:57:32 INFO  CarPark:54 - name:Car, uuid:Car_14, available:true, 
2019-04-08 14:57:32 INFO  CarPark:54 - name:Car, uuid:Car_15, available:true, 
2019-04-08 14:57:32 INFO  CarPark:54 - name:Car, uuid:Car_16, available:true, 
2019-04-08 14:57:32 INFO  CarPark:54 - name:Car, uuid:Car_17, available:true, 
2019-04-08 14:57:32 INFO  CarPark:54 - name:Car, uuid:Car_18, available:true, 
2019-04-08 14:57:32 INFO  CarPark:54 - name:Car, uuid:Car_19, available:true, 
2019-04-08 14:57:32 INFO  CarPark:54 - name:Car, uuid:Car_20, available:true, 
2019-04-08 15:54:35 INFO  CarPark:48 - =====Parking System Info.======
2019-04-08 15:54:35 INFO  CarPark:50 - =====Space Spec======
2019-04-08 15:54:36 INFO  CarPark:51 - name:Motorcycle, amount:15, price:10 
2019-04-08 15:54:36 INFO  CarPark:51 - name:Car, amount:20, price:30 
2019-04-08 15:54:36 INFO  CarPark:51 - name:Minibus, amount:5, price:40 
2019-04-08 15:54:36 INFO  CarPark:53 - =====Space Status======
2019-04-08 15:54:36 INFO  CarPark:54 - name:Minibus, uuid:Minibus_1, available:true, txid: 
2019-04-08 15:54:36 INFO  CarPark:54 - name:Minibus, uuid:Minibus_2, available:true, txid: 
2019-04-08 15:54:36 INFO  CarPark:54 - name:Minibus, uuid:Minibus_3, available:true, txid: 
2019-04-08 15:54:36 INFO  CarPark:54 - name:Minibus, uuid:Minibus_4, available:true, txid: 
2019-04-08 15:54:36 INFO  CarPark:54 - name:Minibus, uuid:Minibus_5, available:true, txid: 
2019-04-08 15:54:36 INFO  CarPark:54 - name:Motorcycle, uuid:Motorcycle_1, available:true, txid: 
2019-04-08 15:54:36 INFO  CarPark:54 - name:Motorcycle, uuid:Motorcycle_2, available:true, txid: 
2019-04-08 15:54:36 INFO  CarPark:54 - name:Motorcycle, uuid:Motorcycle_3, available:true, txid: 
2019-04-08 15:54:36 INFO  CarPark:54 - name:Motorcycle, uuid:Motorcycle_4, available:true, txid: 
2019-04-08 15:54:36 INFO  CarPark:54 - name:Motorcycle, uuid:Motorcycle_5, available:true, txid: 
2019-04-08 15:54:36 INFO  CarPark:54 - name:Motorcycle, uuid:Motorcycle_6, available:true, txid: 
2019-04-08 15:54:36 INFO  CarPark:54 - name:Motorcycle, uuid:Motorcycle_7, available:true, txid: 
2019-04-08 15:54:36 INFO  CarPark:54 - name:Motorcycle, uuid:Motorcycle_8, available:true, txid: 
2019-04-08 15:54:36 INFO  CarPark:54 - name:Motorcycle, uuid:Motorcycle_9, available:true, txid: 
2019-04-08 15:54:36 INFO  CarPark:54 - name:Motorcycle, uuid:Motorcycle_10, available:true, txid: 
2019-04-08 15:54:36 INFO  CarPark:54 - name:Motorcycle, uuid:Motorcycle_11, available:true, txid: 
2019-04-08 15:54:36 INFO  CarPark:54 - name:Motorcycle, uuid:Motorcycle_12, available:true, txid: 
2019-04-08 15:54:36 INFO  CarPark:54 - name:Motorcycle, uuid:Motorcycle_13, available:true, txid: 
2019-04-08 15:54:36 INFO  CarPark:54 - name:Motorcycle, uuid:Motorcycle_14, available:true, txid: 
2019-04-08 15:54:36 INFO  CarPark:54 - name:Motorcycle, uuid:Motorcycle_15, available:true, txid: 
2019-04-08 15:54:36 INFO  CarPark:54 - name:Car, uuid:Car_1, available:true, txid: 
2019-04-08 15:54:36 INFO  CarPark:54 - name:Car, uuid:Car_2, available:true, txid: 
2019-04-08 15:54:36 INFO  CarPark:54 - name:Car, uuid:Car_3, available:true, txid: 
2019-04-08 15:54:36 INFO  CarPark:54 - name:Car, uuid:Car_4, available:true, txid: 
2019-04-08 15:54:36 INFO  CarPark:54 - name:Car, uuid:Car_5, available:true, txid: 
2019-04-08 15:54:36 INFO  CarPark:54 - name:Car, uuid:Car_6, available:true, txid: 
2019-04-08 15:54:36 INFO  CarPark:54 - name:Car, uuid:Car_7, available:true, txid: 
2019-04-08 15:54:36 INFO  CarPark:54 - name:Car, uuid:Car_8, available:true, txid: 
2019-04-08 15:54:36 INFO  CarPark:54 - name:Car, uuid:Car_9, available:true, txid: 
2019-04-08 15:54:36 INFO  CarPark:54 - name:Car, uuid:Car_10, available:true, txid: 
2019-04-08 15:54:36 INFO  CarPark:54 - name:Car, uuid:Car_11, available:true, txid: 
2019-04-08 15:54:36 INFO  CarPark:54 - name:Car, uuid:Car_12, available:true, txid: 
2019-04-08 15:54:36 INFO  CarPark:54 - name:Car, uuid:Car_13, available:true, txid: 
2019-04-08 15:54:36 INFO  CarPark:54 - name:Car, uuid:Car_14, available:true, txid: 
2019-04-08 15:54:36 INFO  CarPark:54 - name:Car, uuid:Car_15, available:true, txid: 
2019-04-08 15:54:36 INFO  CarPark:54 - name:Car, uuid:Car_16, available:true, txid: 
2019-04-08 15:54:36 INFO  CarPark:54 - name:Car, uuid:Car_17, available:true, txid: 
2019-04-08 15:54:36 INFO  CarPark:54 - name:Car, uuid:Car_18, available:true, txid: 
2019-04-08 15:54:36 INFO  CarPark:54 - name:Car, uuid:Car_19, available:true, txid: 
2019-04-08 15:54:36 INFO  CarPark:54 - name:Car, uuid:Car_20, available:true, txid: 
2019-04-13 09:31:03 INFO  CarPark:48 - =====Parking System Info.======
2019-04-13 09:31:03 INFO  CarPark:50 - =====Space Spec======
2019-04-13 09:31:04 INFO  CarPark:51 - name:Motorcycle, amount:15, price:10 
2019-04-13 09:31:04 INFO  CarPark:51 - name:Car, amount:20, price:30 
2019-04-13 09:31:04 INFO  CarPark:51 - name:Minibus, amount:5, price:40 
2019-04-13 09:31:04 INFO  CarPark:53 - =====Space Status======
2019-04-13 09:31:04 INFO  CarPark:54 - name:Minibus, uuid:Minibus_1, available:true, txid: 
2019-04-13 09:31:04 INFO  CarPark:54 - name:Minibus, uuid:Minibus_2, available:true, txid: 
2019-04-13 09:31:04 INFO  CarPark:54 - name:Minibus, uuid:Minibus_3, available:true, txid: 
2019-04-13 09:31:04 INFO  CarPark:54 - name:Minibus, uuid:Minibus_4, available:true, txid: 
2019-04-13 09:31:04 INFO  CarPark:54 - name:Minibus, uuid:Minibus_5, available:true, txid: 
2019-04-13 09:31:04 INFO  CarPark:54 - name:Motorcycle, uuid:Motorcycle_1, available:true, txid: 
2019-04-13 09:31:04 INFO  CarPark:54 - name:Motorcycle, uuid:Motorcycle_2, available:true, txid: 
2019-04-13 09:31:04 INFO  CarPark:54 - name:Motorcycle, uuid:Motorcycle_3, available:true, txid: 
2019-04-13 09:31:04 INFO  CarPark:54 - name:Motorcycle, uuid:Motorcycle_4, available:true, txid: 
2019-04-13 09:31:04 INFO  CarPark:54 - name:Motorcycle, uuid:Motorcycle_5, available:true, txid: 
2019-04-13 09:31:04 INFO  CarPark:54 - name:Motorcycle, uuid:Motorcycle_6, available:true, txid: 
2019-04-13 09:31:04 INFO  CarPark:54 - name:Motorcycle, uuid:Motorcycle_7, available:true, txid: 
2019-04-13 09:31:04 INFO  CarPark:54 - name:Motorcycle, uuid:Motorcycle_8, available:true, txid: 
2019-04-13 09:31:04 INFO  CarPark:54 - name:Motorcycle, uuid:Motorcycle_9, available:true, txid: 
2019-04-13 09:31:04 INFO  CarPark:54 - name:Motorcycle, uuid:Motorcycle_10, available:true, txid: 
2019-04-13 09:31:04 INFO  CarPark:54 - name:Motorcycle, uuid:Motorcycle_11, available:true, txid: 
2019-04-13 09:31:04 INFO  CarPark:54 - name:Motorcycle, uuid:Motorcycle_12, available:true, txid: 
2019-04-13 09:31:04 INFO  CarPark:54 - name:Motorcycle, uuid:Motorcycle_13, available:true, txid: 
2019-04-13 09:31:04 INFO  CarPark:54 - name:Motorcycle, uuid:Motorcycle_14, available:true, txid: 
2019-04-13 09:31:04 INFO  CarPark:54 - name:Motorcycle, uuid:Motorcycle_15, available:true, txid: 
2019-04-13 09:31:04 INFO  CarPark:54 - name:Car, uuid:Car_1, available:true, txid: 
2019-04-13 09:31:04 INFO  CarPark:54 - name:Car, uuid:Car_2, available:true, txid: 
2019-04-13 09:31:04 INFO  CarPark:54 - name:Car, uuid:Car_3, available:true, txid: 
2019-04-13 09:31:04 INFO  CarPark:54 - name:Car, uuid:Car_4, available:true, txid: 
2019-04-13 09:31:04 INFO  CarPark:54 - name:Car, uuid:Car_5, available:true, txid: 
2019-04-13 09:31:04 INFO  CarPark:54 - name:Car, uuid:Car_6, available:true, txid: 
2019-04-13 09:31:04 INFO  CarPark:54 - name:Car, uuid:Car_7, available:true, txid: 
2019-04-13 09:31:04 INFO  CarPark:54 - name:Car, uuid:Car_8, available:true, txid: 
2019-04-13 09:31:04 INFO  CarPark:54 - name:Car, uuid:Car_9, available:true, txid: 
2019-04-13 09:31:04 INFO  CarPark:54 - name:Car, uuid:Car_10, available:true, txid: 
2019-04-13 09:31:04 INFO  CarPark:54 - name:Car, uuid:Car_11, available:true, txid: 
2019-04-13 09:31:04 INFO  CarPark:54 - name:Car, uuid:Car_12, available:true, txid: 
2019-04-13 09:31:04 INFO  CarPark:54 - name:Car, uuid:Car_13, available:true, txid: 
2019-04-13 09:31:04 INFO  CarPark:54 - name:Car, uuid:Car_14, available:true, txid: 
2019-04-13 09:31:04 INFO  CarPark:54 - name:Car, uuid:Car_15, available:true, txid: 
2019-04-13 09:31:04 INFO  CarPark:54 - name:Car, uuid:Car_16, available:true, txid: 
2019-04-13 09:31:04 INFO  CarPark:54 - name:Car, uuid:Car_17, available:true, txid: 
2019-04-13 09:31:04 INFO  CarPark:54 - name:Car, uuid:Car_18, available:true, txid: 
2019-04-13 09:31:04 INFO  CarPark:54 - name:Car, uuid:Car_19, available:true, txid: 
2019-04-13 09:31:04 INFO  CarPark:54 - name:Car, uuid:Car_20, available:true, txid: 
2019-04-13 09:36:44 INFO  CarPark:48 - =====Parking System Info.======
2019-04-13 09:36:44 INFO  CarPark:50 - =====Space Spec======
2019-04-13 09:36:44 INFO  CarPark:51 - name:Motorcycle, amount:15, price:10 
2019-04-13 09:36:44 INFO  CarPark:51 - name:Car, amount:20, price:30 
2019-04-13 09:36:45 INFO  CarPark:51 - name:Minibus, amount:5, price:40 
2019-04-13 09:36:45 INFO  CarPark:53 - =====Space Status======
2019-04-13 09:36:45 INFO  CarPark:54 - name:Minibus, uuid:Minibus_1, available:true, txid: 
2019-04-13 09:36:45 INFO  CarPark:54 - name:Minibus, uuid:Minibus_2, available:true, txid: 
2019-04-13 09:36:45 INFO  CarPark:54 - name:Minibus, uuid:Minibus_3, available:true, txid: 
2019-04-13 09:36:45 INFO  CarPark:54 - name:Minibus, uuid:Minibus_4, available:true, txid: 
2019-04-13 09:36:45 INFO  CarPark:54 - name:Minibus, uuid:Minibus_5, available:true, txid: 
2019-04-13 09:36:45 INFO  CarPark:54 - name:Motorcycle, uuid:Motorcycle_1, available:true, txid: 
2019-04-13 09:36:45 INFO  CarPark:54 - name:Motorcycle, uuid:Motorcycle_2, available:true, txid: 
2019-04-13 09:36:45 INFO  CarPark:54 - name:Motorcycle, uuid:Motorcycle_3, available:true, txid: 
2019-04-13 09:36:45 INFO  CarPark:54 - name:Motorcycle, uuid:Motorcycle_4, available:true, txid: 
2019-04-13 09:36:45 INFO  CarPark:54 - name:Motorcycle, uuid:Motorcycle_5, available:true, txid: 
2019-04-13 09:36:45 INFO  CarPark:54 - name:Motorcycle, uuid:Motorcycle_6, available:true, txid: 
2019-04-13 09:36:45 INFO  CarPark:54 - name:Motorcycle, uuid:Motorcycle_7, available:true, txid: 
2019-04-13 09:36:45 INFO  CarPark:54 - name:Motorcycle, uuid:Motorcycle_8, available:true, txid: 
2019-04-13 09:36:45 INFO  CarPark:54 - name:Motorcycle, uuid:Motorcycle_9, available:true, txid: 
2019-04-13 09:36:45 INFO  CarPark:54 - name:Motorcycle, uuid:Motorcycle_10, available:true, txid: 
2019-04-13 09:36:45 INFO  CarPark:54 - name:Motorcycle, uuid:Motorcycle_11, available:true, txid: 
2019-04-13 09:36:45 INFO  CarPark:54 - name:Motorcycle, uuid:Motorcycle_12, available:true, txid: 
2019-04-13 09:36:45 INFO  CarPark:54 - name:Motorcycle, uuid:Motorcycle_13, available:true, txid: 
2019-04-13 09:36:45 INFO  CarPark:54 - name:Motorcycle, uuid:Motorcycle_14, available:true, txid: 
2019-04-13 09:36:45 INFO  CarPark:54 - name:Motorcycle, uuid:Motorcycle_15, available:true, txid: 
2019-04-13 09:36:45 INFO  CarPark:54 - name:Car, uuid:Car_1, available:true, txid: 
2019-04-13 09:36:45 INFO  CarPark:54 - name:Car, uuid:Car_2, available:true, txid: 
2019-04-13 09:36:45 INFO  CarPark:54 - name:Car, uuid:Car_3, available:true, txid: 
2019-04-13 09:36:45 INFO  CarPark:54 - name:Car, uuid:Car_4, available:true, txid: 
2019-04-13 09:36:45 INFO  CarPark:54 - name:Car, uuid:Car_5, available:true, txid: 
2019-04-13 09:36:45 INFO  CarPark:54 - name:Car, uuid:Car_6, available:true, txid: 
2019-04-13 09:36:45 INFO  CarPark:54 - name:Car, uuid:Car_7, available:true, txid: 
2019-04-13 09:36:45 INFO  CarPark:54 - name:Car, uuid:Car_8, available:true, txid: 
2019-04-13 09:36:45 INFO  CarPark:54 - name:Car, uuid:Car_9, available:true, txid: 
2019-04-13 09:36:45 INFO  CarPark:54 - name:Car, uuid:Car_10, available:true, txid: 
2019-04-13 09:36:45 INFO  CarPark:54 - name:Car, uuid:Car_11, available:true, txid: 
2019-04-13 09:36:45 INFO  CarPark:54 - name:Car, uuid:Car_12, available:true, txid: 
2019-04-13 09:36:45 INFO  CarPark:54 - name:Car, uuid:Car_13, available:true, txid: 
2019-04-13 09:36:45 INFO  CarPark:54 - name:Car, uuid:Car_14, available:true, txid: 
2019-04-13 09:36:45 INFO  CarPark:54 - name:Car, uuid:Car_15, available:true, txid: 
2019-04-13 09:36:45 INFO  CarPark:54 - name:Car, uuid:Car_16, available:true, txid: 
2019-04-13 09:36:45 INFO  CarPark:54 - name:Car, uuid:Car_17, available:true, txid: 
2019-04-13 09:36:45 INFO  CarPark:54 - name:Car, uuid:Car_18, available:true, txid: 
2019-04-13 09:36:45 INFO  CarPark:54 - name:Car, uuid:Car_19, available:true, txid: 
2019-04-13 09:36:45 INFO  CarPark:54 - name:Car, uuid:Car_20, available:true, txid: 
2019-04-13 09:37:34 INFO  CarPark:48 - =====Parking System Info.======
2019-04-13 09:37:34 INFO  CarPark:50 - =====Space Spec======
2019-04-13 09:37:34 INFO  CarPark:51 - name:Motorcycle, amount:15, price:10 
2019-04-13 09:37:34 INFO  CarPark:51 - name:Car, amount:20, price:30 
2019-04-13 09:37:34 INFO  CarPark:51 - name:Minibus, amount:5, price:40 
2019-04-13 09:37:34 INFO  CarPark:53 - =====Space Status======
2019-04-13 09:37:34 INFO  CarPark:54 - name:Minibus, uuid:Minibus_1, available:true, txid: 
2019-04-13 09:37:34 INFO  CarPark:54 - name:Minibus, uuid:Minibus_2, available:true, txid: 
2019-04-13 09:37:34 INFO  CarPark:54 - name:Minibus, uuid:Minibus_3, available:true, txid: 
2019-04-13 09:37:34 INFO  CarPark:54 - name:Minibus, uuid:Minibus_4, available:true, txid: 
2019-04-13 09:37:34 INFO  CarPark:54 - name:Minibus, uuid:Minibus_5, available:true, txid: 
2019-04-13 09:37:34 INFO  CarPark:54 - name:Motorcycle, uuid:Motorcycle_1, available:true, txid: 
2019-04-13 09:37:34 INFO  CarPark:54 - name:Motorcycle, uuid:Motorcycle_2, available:true, txid: 
2019-04-13 09:37:34 INFO  CarPark:54 - name:Motorcycle, uuid:Motorcycle_3, available:true, txid: 
2019-04-13 09:37:34 INFO  CarPark:54 - name:Motorcycle, uuid:Motorcycle_4, available:true, txid: 
2019-04-13 09:37:34 INFO  CarPark:54 - name:Motorcycle, uuid:Motorcycle_5, available:true, txid: 
2019-04-13 09:37:34 INFO  CarPark:54 - name:Motorcycle, uuid:Motorcycle_6, available:true, txid: 
2019-04-13 09:37:34 INFO  CarPark:54 - name:Motorcycle, uuid:Motorcycle_7, available:true, txid: 
2019-04-13 09:37:34 INFO  CarPark:54 - name:Motorcycle, uuid:Motorcycle_8, available:true, txid: 
2019-04-13 09:37:34 INFO  CarPark:54 - name:Motorcycle, uuid:Motorcycle_9, available:true, txid: 
2019-04-13 09:37:34 INFO  CarPark:54 - name:Motorcycle, uuid:Motorcycle_10, available:true, txid: 
2019-04-13 09:37:34 INFO  CarPark:54 - name:Motorcycle, uuid:Motorcycle_11, available:true, txid: 
2019-04-13 09:37:34 INFO  CarPark:54 - name:Motorcycle, uuid:Motorcycle_12, available:true, txid: 
2019-04-13 09:37:34 INFO  CarPark:54 - name:Motorcycle, uuid:Motorcycle_13, available:true, txid: 
2019-04-13 09:37:34 INFO  CarPark:54 - name:Motorcycle, uuid:Motorcycle_14, available:true, txid: 
2019-04-13 09:37:34 INFO  CarPark:54 - name:Motorcycle, uuid:Motorcycle_15, available:true, txid: 
2019-04-13 09:37:34 INFO  CarPark:54 - name:Car, uuid:Car_1, available:true, txid: 
2019-04-13 09:37:34 INFO  CarPark:54 - name:Car, uuid:Car_2, available:true, txid: 
2019-04-13 09:37:34 INFO  CarPark:54 - name:Car, uuid:Car_3, available:true, txid: 
2019-04-13 09:37:34 INFO  CarPark:54 - name:Car, uuid:Car_4, available:true, txid: 
2019-04-13 09:37:34 INFO  CarPark:54 - name:Car, uuid:Car_5, available:true, txid: 
2019-04-13 09:37:34 INFO  CarPark:54 - name:Car, uuid:Car_6, available:true, txid: 
2019-04-13 09:37:34 INFO  CarPark:54 - name:Car, uuid:Car_7, available:true, txid: 
2019-04-13 09:37:34 INFO  CarPark:54 - name:Car, uuid:Car_8, available:true, txid: 
2019-04-13 09:37:34 INFO  CarPark:54 - name:Car, uuid:Car_9, available:true, txid: 
2019-04-13 09:37:34 INFO  CarPark:54 - name:Car, uuid:Car_10, available:true, txid: 
2019-04-13 09:37:34 INFO  CarPark:54 - name:Car, uuid:Car_11, available:true, txid: 
2019-04-13 09:37:34 INFO  CarPark:54 - name:Car, uuid:Car_12, available:true, txid: 
2019-04-13 09:37:34 INFO  CarPark:54 - name:Car, uuid:Car_13, available:true, txid: 
2019-04-13 09:37:34 INFO  CarPark:54 - name:Car, uuid:Car_14, available:true, txid: 
2019-04-13 09:37:34 INFO  CarPark:54 - name:Car, uuid:Car_15, available:true, txid: 
2019-04-13 09:37:34 INFO  CarPark:54 - name:Car, uuid:Car_16, available:true, txid: 
2019-04-13 09:37:34 INFO  CarPark:54 - name:Car, uuid:Car_17, available:true, txid: 
2019-04-13 09:37:34 INFO  CarPark:54 - name:Car, uuid:Car_18, available:true, txid: 
2019-04-13 09:37:34 INFO  CarPark:54 - name:Car, uuid:Car_19, available:true, txid: 
2019-04-13 09:37:34 INFO  CarPark:54 - name:Car, uuid:Car_20, available:true, txid: 
2019-04-13 09:37:46 INFO  CarPark:48 - =====Parking System Info.======
2019-04-13 09:37:46 INFO  CarPark:50 - =====Space Spec======
2019-04-13 09:37:46 INFO  CarPark:51 - name:Motorcycle, amount:15, price:10 
2019-04-13 09:37:46 INFO  CarPark:51 - name:Car, amount:20, price:30 
2019-04-13 09:37:46 INFO  CarPark:51 - name:Minibus, amount:5, price:40 
2019-04-13 09:37:46 INFO  CarPark:53 - =====Space Status======
2019-04-13 09:37:46 INFO  CarPark:54 - name:Minibus, uuid:Minibus_1, available:true, txid: 
2019-04-13 09:37:46 INFO  CarPark:54 - name:Minibus, uuid:Minibus_2, available:true, txid: 
2019-04-13 09:37:46 INFO  CarPark:54 - name:Minibus, uuid:Minibus_3, available:true, txid: 
2019-04-13 09:37:46 INFO  CarPark:54 - name:Minibus, uuid:Minibus_4, available:true, txid: 
2019-04-13 09:37:46 INFO  CarPark:54 - name:Minibus, uuid:Minibus_5, available:true, txid: 
2019-04-13 09:37:46 INFO  CarPark:54 - name:Motorcycle, uuid:Motorcycle_1, available:true, txid: 
2019-04-13 09:37:46 INFO  CarPark:54 - name:Motorcycle, uuid:Motorcycle_2, available:true, txid: 
2019-04-13 09:37:46 INFO  CarPark:54 - name:Motorcycle, uuid:Motorcycle_3, available:true, txid: 
2019-04-13 09:37:46 INFO  CarPark:54 - name:Motorcycle, uuid:Motorcycle_4, available:true, txid: 
2019-04-13 09:37:46 INFO  CarPark:54 - name:Motorcycle, uuid:Motorcycle_5, available:true, txid: 
2019-04-13 09:37:46 INFO  CarPark:54 - name:Motorcycle, uuid:Motorcycle_6, available:true, txid: 
2019-04-13 09:37:46 INFO  CarPark:54 - name:Motorcycle, uuid:Motorcycle_7, available:true, txid: 
2019-04-13 09:37:46 INFO  CarPark:54 - name:Motorcycle, uuid:Motorcycle_8, available:true, txid: 
2019-04-13 09:37:46 INFO  CarPark:54 - name:Motorcycle, uuid:Motorcycle_9, available:true, txid: 
2019-04-13 09:37:46 INFO  CarPark:54 - name:Motorcycle, uuid:Motorcycle_10, available:true, txid: 
2019-04-13 09:37:46 INFO  CarPark:54 - name:Motorcycle, uuid:Motorcycle_11, available:true, txid: 
2019-04-13 09:37:46 INFO  CarPark:54 - name:Motorcycle, uuid:Motorcycle_12, available:true, txid: 
2019-04-13 09:37:46 INFO  CarPark:54 - name:Motorcycle, uuid:Motorcycle_13, available:true, txid: 
2019-04-13 09:37:46 INFO  CarPark:54 - name:Motorcycle, uuid:Motorcycle_14, available:true, txid: 
2019-04-13 09:37:46 INFO  CarPark:54 - name:Motorcycle, uuid:Motorcycle_15, available:true, txid: 
2019-04-13 09:37:46 INFO  CarPark:54 - name:Car, uuid:Car_1, available:true, txid: 
2019-04-13 09:37:46 INFO  CarPark:54 - name:Car, uuid:Car_2, available:true, txid: 
2019-04-13 09:37:46 INFO  CarPark:54 - name:Car, uuid:Car_3, available:true, txid: 
2019-04-13 09:37:46 INFO  CarPark:54 - name:Car, uuid:Car_4, available:true, txid: 
2019-04-13 09:37:46 INFO  CarPark:54 - name:Car, uuid:Car_5, available:true, txid: 
2019-04-13 09:37:46 INFO  CarPark:54 - name:Car, uuid:Car_6, available:true, txid: 
2019-04-13 09:37:46 INFO  CarPark:54 - name:Car, uuid:Car_7, available:true, txid: 
2019-04-13 09:37:46 INFO  CarPark:54 - name:Car, uuid:Car_8, available:true, txid: 
2019-04-13 09:37:46 INFO  CarPark:54 - name:Car, uuid:Car_9, available:true, txid: 
2019-04-13 09:37:46 INFO  CarPark:54 - name:Car, uuid:Car_10, available:true, txid: 
2019-04-13 09:37:46 INFO  CarPark:54 - name:Car, uuid:Car_11, available:true, txid: 
2019-04-13 09:37:46 INFO  CarPark:54 - name:Car, uuid:Car_12, available:true, txid: 
2019-04-13 09:37:46 INFO  CarPark:54 - name:Car, uuid:Car_13, available:true, txid: 
2019-04-13 09:37:46 INFO  CarPark:54 - name:Car, uuid:Car_14, available:true, txid: 
2019-04-13 09:37:46 INFO  CarPark:54 - name:Car, uuid:Car_15, available:true, txid: 
2019-04-13 09:37:46 INFO  CarPark:54 - name:Car, uuid:Car_16, available:true, txid: 
2019-04-13 09:37:46 INFO  CarPark:54 - name:Car, uuid:Car_17, available:true, txid: 
2019-04-13 09:37:46 INFO  CarPark:54 - name:Car, uuid:Car_18, available:true, txid: 
2019-04-13 09:37:46 INFO  CarPark:54 - name:Car, uuid:Car_19, available:true, txid: 
2019-04-13 09:37:46 INFO  CarPark:54 - name:Car, uuid:Car_20, available:true, txid: 
2019-04-13 09:44:26 INFO  CarPark:48 - =====Parking System Info.======
2019-04-13 09:44:26 INFO  CarPark:50 - =====Space Spec======
2019-04-13 09:44:26 INFO  CarPark:51 - name:Motorcycle, amount:15, price:10 
2019-04-13 09:44:26 INFO  CarPark:51 - name:Car, amount:20, price:30 
2019-04-13 09:44:26 INFO  CarPark:51 - name:Minibus, amount:5, price:40 
2019-04-13 09:44:26 INFO  CarPark:53 - =====Space Status======
2019-04-13 09:44:26 INFO  CarPark:54 - name:Minibus, uuid:Minibus_1, available:true, txid: 
2019-04-13 09:44:26 INFO  CarPark:54 - name:Minibus, uuid:Minibus_2, available:true, txid: 
2019-04-13 09:44:26 INFO  CarPark:54 - name:Minibus, uuid:Minibus_3, available:true, txid: 
2019-04-13 09:44:26 INFO  CarPark:54 - name:Minibus, uuid:Minibus_4, available:true, txid: 
2019-04-13 09:44:26 INFO  CarPark:54 - name:Minibus, uuid:Minibus_5, available:true, txid: 
2019-04-13 09:44:26 INFO  CarPark:54 - name:Motorcycle, uuid:Motorcycle_1, available:true, txid: 
2019-04-13 09:44:26 INFO  CarPark:54 - name:Motorcycle, uuid:Motorcycle_2, available:true, txid: 
2019-04-13 09:44:26 INFO  CarPark:54 - name:Motorcycle, uuid:Motorcycle_3, available:true, txid: 
2019-04-13 09:44:26 INFO  CarPark:54 - name:Motorcycle, uuid:Motorcycle_4, available:true, txid: 
2019-04-13 09:44:26 INFO  CarPark:54 - name:Motorcycle, uuid:Motorcycle_5, available:true, txid: 
2019-04-13 09:44:26 INFO  CarPark:54 - name:Motorcycle, uuid:Motorcycle_6, available:true, txid: 
2019-04-13 09:44:26 INFO  CarPark:54 - name:Motorcycle, uuid:Motorcycle_7, available:true, txid: 
2019-04-13 09:44:26 INFO  CarPark:54 - name:Motorcycle, uuid:Motorcycle_8, available:true, txid: 
2019-04-13 09:44:26 INFO  CarPark:54 - name:Motorcycle, uuid:Motorcycle_9, available:true, txid: 
2019-04-13 09:44:26 INFO  CarPark:54 - name:Motorcycle, uuid:Motorcycle_10, available:true, txid: 
2019-04-13 09:44:26 INFO  CarPark:54 - name:Motorcycle, uuid:Motorcycle_11, available:true, txid: 
2019-04-13 09:44:26 INFO  CarPark:54 - name:Motorcycle, uuid:Motorcycle_12, available:true, txid: 
2019-04-13 09:44:26 INFO  CarPark:54 - name:Motorcycle, uuid:Motorcycle_13, available:true, txid: 
2019-04-13 09:44:26 INFO  CarPark:54 - name:Motorcycle, uuid:Motorcycle_14, available:true, txid: 
2019-04-13 09:44:26 INFO  CarPark:54 - name:Motorcycle, uuid:Motorcycle_15, available:true, txid: 
2019-04-13 09:44:26 INFO  CarPark:54 - name:Car, uuid:Car_1, available:true, txid: 
2019-04-13 09:44:26 INFO  CarPark:54 - name:Car, uuid:Car_2, available:true, txid: 
2019-04-13 09:44:26 INFO  CarPark:54 - name:Car, uuid:Car_3, available:true, txid: 
2019-04-13 09:44:26 INFO  CarPark:54 - name:Car, uuid:Car_4, available:true, txid: 
2019-04-13 09:44:26 INFO  CarPark:54 - name:Car, uuid:Car_5, available:true, txid: 
2019-04-13 09:44:26 INFO  CarPark:54 - name:Car, uuid:Car_6, available:true, txid: 
2019-04-13 09:44:26 INFO  CarPark:54 - name:Car, uuid:Car_7, available:true, txid: 
2019-04-13 09:44:26 INFO  CarPark:54 - name:Car, uuid:Car_8, available:true, txid: 
2019-04-13 09:44:26 INFO  CarPark:54 - name:Car, uuid:Car_9, available:true, txid: 
2019-04-13 09:44:26 INFO  CarPark:54 - name:Car, uuid:Car_10, available:true, txid: 
2019-04-13 09:44:26 INFO  CarPark:54 - name:Car, uuid:Car_11, available:true, txid: 
2019-04-13 09:44:26 INFO  CarPark:54 - name:Car, uuid:Car_12, available:true, txid: 
2019-04-13 09:44:26 INFO  CarPark:54 - name:Car, uuid:Car_13, available:true, txid: 
2019-04-13 09:44:26 INFO  CarPark:54 - name:Car, uuid:Car_14, available:true, txid: 
2019-04-13 09:44:26 INFO  CarPark:54 - name:Car, uuid:Car_15, available:true, txid: 
2019-04-13 09:44:26 INFO  CarPark:54 - name:Car, uuid:Car_16, available:true, txid: 
2019-04-13 09:44:26 INFO  CarPark:54 - name:Car, uuid:Car_17, available:true, txid: 
2019-04-13 09:44:26 INFO  CarPark:54 - name:Car, uuid:Car_18, available:true, txid: 
2019-04-13 09:44:26 INFO  CarPark:54 - name:Car, uuid:Car_19, available:true, txid: 
2019-04-13 09:44:26 INFO  CarPark:54 - name:Car, uuid:Car_20, available:true, txid: 
2019-04-13 09:44:33 INFO  CarPark:48 - =====Parking System Info.======
2019-04-13 09:44:33 INFO  CarPark:50 - =====Space Spec======
2019-04-13 09:44:33 INFO  CarPark:51 - name:Motorcycle, amount:15, price:10 
2019-04-13 09:44:33 INFO  CarPark:51 - name:Car, amount:20, price:30 
2019-04-13 09:44:33 INFO  CarPark:51 - name:Minibus, amount:5, price:40 
2019-04-13 09:44:33 INFO  CarPark:53 - =====Space Status======
2019-04-13 09:44:33 INFO  CarPark:54 - name:Minibus, uuid:Minibus_1, available:true, txid: 
2019-04-13 09:44:33 INFO  CarPark:54 - name:Minibus, uuid:Minibus_2, available:true, txid: 
2019-04-13 09:44:33 INFO  CarPark:54 - name:Minibus, uuid:Minibus_3, available:true, txid: 
2019-04-13 09:44:33 INFO  CarPark:54 - name:Minibus, uuid:Minibus_4, available:true, txid: 
2019-04-13 09:44:33 INFO  CarPark:54 - name:Minibus, uuid:Minibus_5, available:true, txid: 
2019-04-13 09:44:33 INFO  CarPark:54 - name:Motorcycle, uuid:Motorcycle_1, available:true, txid: 
2019-04-13 09:44:33 INFO  CarPark:54 - name:Motorcycle, uuid:Motorcycle_2, available:true, txid: 
2019-04-13 09:44:33 INFO  CarPark:54 - name:Motorcycle, uuid:Motorcycle_3, available:true, txid: 
2019-04-13 09:44:33 INFO  CarPark:54 - name:Motorcycle, uuid:Motorcycle_4, available:true, txid: 
2019-04-13 09:44:33 INFO  CarPark:54 - name:Motorcycle, uuid:Motorcycle_5, available:true, txid: 
2019-04-13 09:44:33 INFO  CarPark:54 - name:Motorcycle, uuid:Motorcycle_6, available:true, txid: 
2019-04-13 09:44:33 INFO  CarPark:54 - name:Motorcycle, uuid:Motorcycle_7, available:true, txid: 
2019-04-13 09:44:33 INFO  CarPark:54 - name:Motorcycle, uuid:Motorcycle_8, available:true, txid: 
2019-04-13 09:44:33 INFO  CarPark:54 - name:Motorcycle, uuid:Motorcycle_9, available:true, txid: 
2019-04-13 09:44:33 INFO  CarPark:54 - name:Motorcycle, uuid:Motorcycle_10, available:true, txid: 
2019-04-13 09:44:33 INFO  CarPark:54 - name:Motorcycle, uuid:Motorcycle_11, available:true, txid: 
2019-04-13 09:44:33 INFO  CarPark:54 - name:Motorcycle, uuid:Motorcycle_12, available:true, txid: 
2019-04-13 09:44:33 INFO  CarPark:54 - name:Motorcycle, uuid:Motorcycle_13, available:true, txid: 
2019-04-13 09:44:33 INFO  CarPark:54 - name:Motorcycle, uuid:Motorcycle_14, available:true, txid: 
2019-04-13 09:44:33 INFO  CarPark:54 - name:Motorcycle, uuid:Motorcycle_15, available:true, txid: 
2019-04-13 09:44:33 INFO  CarPark:54 - name:Car, uuid:Car_1, available:true, txid: 
2019-04-13 09:44:33 INFO  CarPark:54 - name:Car, uuid:Car_2, available:true, txid: 
2019-04-13 09:44:33 INFO  CarPark:54 - name:Car, uuid:Car_3, available:true, txid: 
2019-04-13 09:44:33 INFO  CarPark:54 - name:Car, uuid:Car_4, available:true, txid: 
2019-04-13 09:44:33 INFO  CarPark:54 - name:Car, uuid:Car_5, available:true, txid: 
2019-04-13 09:44:33 INFO  CarPark:54 - name:Car, uuid:Car_6, available:true, txid: 
2019-04-13 09:44:33 INFO  CarPark:54 - name:Car, uuid:Car_7, available:true, txid: 
2019-04-13 09:44:33 INFO  CarPark:54 - name:Car, uuid:Car_8, available:true, txid: 
2019-04-13 09:44:33 INFO  CarPark:54 - name:Car, uuid:Car_9, available:true, txid: 
2019-04-13 09:44:33 INFO  CarPark:54 - name:Car, uuid:Car_10, available:true, txid: 
2019-04-13 09:44:33 INFO  CarPark:54 - name:Car, uuid:Car_11, available:true, txid: 
2019-04-13 09:44:33 INFO  CarPark:54 - name:Car, uuid:Car_12, available:true, txid: 
2019-04-13 09:44:33 INFO  CarPark:54 - name:Car, uuid:Car_13, available:true, txid: 
2019-04-13 09:44:33 INFO  CarPark:54 - name:Car, uuid:Car_14, available:true, txid: 
2019-04-13 09:44:33 INFO  CarPark:54 - name:Car, uuid:Car_15, available:true, txid: 
2019-04-13 09:44:33 INFO  CarPark:54 - name:Car, uuid:Car_16, available:true, txid: 
2019-04-13 09:44:33 INFO  CarPark:54 - name:Car, uuid:Car_17, available:true, txid: 
2019-04-13 09:44:33 INFO  CarPark:54 - name:Car, uuid:Car_18, available:true, txid: 
2019-04-13 09:44:33 INFO  CarPark:54 - name:Car, uuid:Car_19, available:true, txid: 
2019-04-13 09:44:33 INFO  CarPark:54 - name:Car, uuid:Car_20, available:true, txid: 
2019-04-13 09:45:53 INFO  CarPark:48 - =====Parking System Info.======
2019-04-13 09:45:53 INFO  CarPark:50 - =====Space Spec======
2019-04-13 09:45:53 INFO  CarPark:51 - name:Motorcycle, amount:15, price:10 
2019-04-13 09:45:53 INFO  CarPark:51 - name:Car, amount:20, price:30 
2019-04-13 09:45:53 INFO  CarPark:51 - name:Minibus, amount:5, price:40 
2019-04-13 09:45:53 INFO  CarPark:53 - =====Space Status======
2019-04-13 09:45:53 INFO  CarPark:54 - name:Minibus, uuid:Minibus_1, available:true, txid: 
2019-04-13 09:45:53 INFO  CarPark:54 - name:Minibus, uuid:Minibus_2, available:true, txid: 
2019-04-13 09:45:53 INFO  CarPark:54 - name:Minibus, uuid:Minibus_3, available:true, txid: 
2019-04-13 09:45:53 INFO  CarPark:54 - name:Minibus, uuid:Minibus_4, available:true, txid: 
2019-04-13 09:45:53 INFO  CarPark:54 - name:Minibus, uuid:Minibus_5, available:true, txid: 
2019-04-13 09:45:53 INFO  CarPark:54 - name:Motorcycle, uuid:Motorcycle_1, available:true, txid: 
2019-04-13 09:45:53 INFO  CarPark:54 - name:Motorcycle, uuid:Motorcycle_2, available:true, txid: 
2019-04-13 09:45:53 INFO  CarPark:54 - name:Motorcycle, uuid:Motorcycle_3, available:true, txid: 
2019-04-13 09:45:53 INFO  CarPark:54 - name:Motorcycle, uuid:Motorcycle_4, available:true, txid: 
2019-04-13 09:45:53 INFO  CarPark:54 - name:Motorcycle, uuid:Motorcycle_5, available:true, txid: 
2019-04-13 09:45:53 INFO  CarPark:54 - name:Motorcycle, uuid:Motorcycle_6, available:true, txid: 
2019-04-13 09:45:53 INFO  CarPark:54 - name:Motorcycle, uuid:Motorcycle_7, available:true, txid: 
2019-04-13 09:45:53 INFO  CarPark:54 - name:Motorcycle, uuid:Motorcycle_8, available:true, txid: 
2019-04-13 09:45:53 INFO  CarPark:54 - name:Motorcycle, uuid:Motorcycle_9, available:true, txid: 
2019-04-13 09:45:53 INFO  CarPark:54 - name:Motorcycle, uuid:Motorcycle_10, available:true, txid: 
2019-04-13 09:45:53 INFO  CarPark:54 - name:Motorcycle, uuid:Motorcycle_11, available:true, txid: 
2019-04-13 09:45:53 INFO  CarPark:54 - name:Motorcycle, uuid:Motorcycle_12, available:true, txid: 
2019-04-13 09:45:53 INFO  CarPark:54 - name:Motorcycle, uuid:Motorcycle_13, available:true, txid: 
2019-04-13 09:45:53 INFO  CarPark:54 - name:Motorcycle, uuid:Motorcycle_14, available:true, txid: 
2019-04-13 09:45:53 INFO  CarPark:54 - name:Motorcycle, uuid:Motorcycle_15, available:true, txid: 
2019-04-13 09:45:53 INFO  CarPark:54 - name:Car, uuid:Car_1, available:true, txid: 
2019-04-13 09:45:53 INFO  CarPark:54 - name:Car, uuid:Car_2, available:true, txid: 
2019-04-13 09:45:53 INFO  CarPark:54 - name:Car, uuid:Car_3, available:true, txid: 
2019-04-13 09:45:53 INFO  CarPark:54 - name:Car, uuid:Car_4, available:true, txid: 
2019-04-13 09:45:53 INFO  CarPark:54 - name:Car, uuid:Car_5, available:true, txid: 
2019-04-13 09:45:53 INFO  CarPark:54 - name:Car, uuid:Car_6, available:true, txid: 
2019-04-13 09:45:53 INFO  CarPark:54 - name:Car, uuid:Car_7, available:true, txid: 
2019-04-13 09:45:53 INFO  CarPark:54 - name:Car, uuid:Car_8, available:true, txid: 
2019-04-13 09:45:53 INFO  CarPark:54 - name:Car, uuid:Car_9, available:true, txid: 
2019-04-13 09:45:53 INFO  CarPark:54 - name:Car, uuid:Car_10, available:true, txid: 
2019-04-13 09:45:53 INFO  CarPark:54 - name:Car, uuid:Car_11, available:true, txid: 
2019-04-13 09:45:53 INFO  CarPark:54 - name:Car, uuid:Car_12, available:true, txid: 
2019-04-13 09:45:53 INFO  CarPark:54 - name:Car, uuid:Car_13, available:true, txid: 
2019-04-13 09:45:53 INFO  CarPark:54 - name:Car, uuid:Car_14, available:true, txid: 
2019-04-13 09:45:53 INFO  CarPark:54 - name:Car, uuid:Car_15, available:true, txid: 
2019-04-13 09:45:53 INFO  CarPark:54 - name:Car, uuid:Car_16, available:true, txid: 
2019-04-13 09:45:53 INFO  CarPark:54 - name:Car, uuid:Car_17, available:true, txid: 
2019-04-13 09:45:53 INFO  CarPark:54 - name:Car, uuid:Car_18, available:true, txid: 
2019-04-13 09:45:53 INFO  CarPark:54 - name:Car, uuid:Car_19, available:true, txid: 
2019-04-13 09:45:53 INFO  CarPark:54 - name:Car, uuid:Car_20, available:true, txid: 
2019-04-13 09:47:09 INFO  CarPark:48 - =====Parking System Info.======
2019-04-13 09:47:09 INFO  CarPark:50 - =====Space Spec======
2019-04-13 09:47:09 INFO  CarPark:51 - name:Motorcycle, amount:15, price:10 
2019-04-13 09:47:09 INFO  CarPark:51 - name:Car, amount:20, price:30 
2019-04-13 09:47:09 INFO  CarPark:51 - name:Minibus, amount:5, price:40 
2019-04-13 09:47:09 INFO  CarPark:53 - =====Space Status======
2019-04-13 09:47:09 INFO  CarPark:54 - name:Minibus, uuid:Minibus_1, available:true, txid: 
2019-04-13 09:47:09 INFO  CarPark:54 - name:Minibus, uuid:Minibus_2, available:true, txid: 
2019-04-13 09:47:09 INFO  CarPark:54 - name:Minibus, uuid:Minibus_3, available:true, txid: 
2019-04-13 09:47:09 INFO  CarPark:54 - name:Minibus, uuid:Minibus_4, available:true, txid: 
2019-04-13 09:47:09 INFO  CarPark:54 - name:Minibus, uuid:Minibus_5, available:true, txid: 
2019-04-13 09:47:09 INFO  CarPark:54 - name:Motorcycle, uuid:Motorcycle_1, available:true, txid: 
2019-04-13 09:47:09 INFO  CarPark:54 - name:Motorcycle, uuid:Motorcycle_2, available:true, txid: 
2019-04-13 09:47:09 INFO  CarPark:54 - name:Motorcycle, uuid:Motorcycle_3, available:true, txid: 
2019-04-13 09:47:09 INFO  CarPark:54 - name:Motorcycle, uuid:Motorcycle_4, available:true, txid: 
2019-04-13 09:47:09 INFO  CarPark:54 - name:Motorcycle, uuid:Motorcycle_5, available:true, txid: 
2019-04-13 09:47:09 INFO  CarPark:54 - name:Motorcycle, uuid:Motorcycle_6, available:true, txid: 
2019-04-13 09:47:09 INFO  CarPark:54 - name:Motorcycle, uuid:Motorcycle_7, available:true, txid: 
2019-04-13 09:47:09 INFO  CarPark:54 - name:Motorcycle, uuid:Motorcycle_8, available:true, txid: 
2019-04-13 09:47:09 INFO  CarPark:54 - name:Motorcycle, uuid:Motorcycle_9, available:true, txid: 
2019-04-13 09:47:09 INFO  CarPark:54 - name:Motorcycle, uuid:Motorcycle_10, available:true, txid: 
2019-04-13 09:47:09 INFO  CarPark:54 - name:Motorcycle, uuid:Motorcycle_11, available:true, txid: 
2019-04-13 09:47:09 INFO  CarPark:54 - name:Motorcycle, uuid:Motorcycle_12, available:true, txid: 
2019-04-13 09:47:09 INFO  CarPark:54 - name:Motorcycle, uuid:Motorcycle_13, available:true, txid: 
2019-04-13 09:47:09 INFO  CarPark:54 - name:Motorcycle, uuid:Motorcycle_14, available:true, txid: 
2019-04-13 09:47:09 INFO  CarPark:54 - name:Motorcycle, uuid:Motorcycle_15, available:true, txid: 
2019-04-13 09:47:09 INFO  CarPark:54 - name:Car, uuid:Car_1, available:true, txid: 
2019-04-13 09:47:09 INFO  CarPark:54 - name:Car, uuid:Car_2, available:true, txid: 
2019-04-13 09:47:09 INFO  CarPark:54 - name:Car, uuid:Car_3, available:true, txid: 
2019-04-13 09:47:09 INFO  CarPark:54 - name:Car, uuid:Car_4, available:true, txid: 
2019-04-13 09:47:09 INFO  CarPark:54 - name:Car, uuid:Car_5, available:true, txid: 
2019-04-13 09:47:09 INFO  CarPark:54 - name:Car, uuid:Car_6, available:true, txid: 
2019-04-13 09:47:09 INFO  CarPark:54 - name:Car, uuid:Car_7, available:true, txid: 
2019-04-13 09:47:09 INFO  CarPark:54 - name:Car, uuid:Car_8, available:true, txid: 
2019-04-13 09:47:09 INFO  CarPark:54 - name:Car, uuid:Car_9, available:true, txid: 
2019-04-13 09:47:09 INFO  CarPark:54 - name:Car, uuid:Car_10, available:true, txid: 
2019-04-13 09:47:09 INFO  CarPark:54 - name:Car, uuid:Car_11, available:true, txid: 
2019-04-13 09:47:09 INFO  CarPark:54 - name:Car, uuid:Car_12, available:true, txid: 
2019-04-13 09:47:09 INFO  CarPark:54 - name:Car, uuid:Car_13, available:true, txid: 
2019-04-13 09:47:09 INFO  CarPark:54 - name:Car, uuid:Car_14, available:true, txid: 
2019-04-13 09:47:09 INFO  CarPark:54 - name:Car, uuid:Car_15, available:true, txid: 
2019-04-13 09:47:09 INFO  CarPark:54 - name:Car, uuid:Car_16, available:true, txid: 
2019-04-13 09:47:09 INFO  CarPark:54 - name:Car, uuid:Car_17, available:true, txid: 
2019-04-13 09:47:09 INFO  CarPark:54 - name:Car, uuid:Car_18, available:true, txid: 
2019-04-13 09:47:09 INFO  CarPark:54 - name:Car, uuid:Car_19, available:true, txid: 
2019-04-13 09:47:09 INFO  CarPark:54 - name:Car, uuid:Car_20, available:true, txid: 
2019-04-13 10:18:26 INFO  CarPark:48 - =====Parking System Info.======
2019-04-13 10:18:26 INFO  CarPark:50 - =====Space Spec======
2019-04-13 10:18:26 INFO  CarPark:51 - name:Motorcycle, amount:15, price:10 
2019-04-13 10:18:26 INFO  CarPark:51 - name:Car, amount:20, price:30 
2019-04-13 10:18:26 INFO  CarPark:51 - name:Minibus, amount:5, price:40 
2019-04-13 10:18:26 INFO  CarPark:53 - =====Space Status======
2019-04-13 10:18:26 INFO  CarPark:54 - name:Minibus, uuid:Minibus_1, available:true, txid: 
2019-04-13 10:18:26 INFO  CarPark:54 - name:Minibus, uuid:Minibus_2, available:true, txid: 
2019-04-13 10:18:26 INFO  CarPark:54 - name:Minibus, uuid:Minibus_3, available:true, txid: 
2019-04-13 10:18:26 INFO  CarPark:54 - name:Minibus, uuid:Minibus_4, available:true, txid: 
2019-04-13 10:18:26 INFO  CarPark:54 - name:Minibus, uuid:Minibus_5, available:true, txid: 
2019-04-13 10:18:26 INFO  CarPark:54 - name:Motorcycle, uuid:Motorcycle_1, available:true, txid: 
2019-04-13 10:18:26 INFO  CarPark:54 - name:Motorcycle, uuid:Motorcycle_2, available:true, txid: 
2019-04-13 10:18:26 INFO  CarPark:54 - name:Motorcycle, uuid:Motorcycle_3, available:true, txid: 
2019-04-13 10:18:26 INFO  CarPark:54 - name:Motorcycle, uuid:Motorcycle_4, available:true, txid: 
2019-04-13 10:18:26 INFO  CarPark:54 - name:Motorcycle, uuid:Motorcycle_5, available:true, txid: 
2019-04-13 10:18:26 INFO  CarPark:54 - name:Motorcycle, uuid:Motorcycle_6, available:true, txid: 
2019-04-13 10:18:26 INFO  CarPark:54 - name:Motorcycle, uuid:Motorcycle_7, available:true, txid: 
2019-04-13 10:18:26 INFO  CarPark:54 - name:Motorcycle, uuid:Motorcycle_8, available:true, txid: 
2019-04-13 10:18:26 INFO  CarPark:54 - name:Motorcycle, uuid:Motorcycle_9, available:true, txid: 
2019-04-13 10:18:26 INFO  CarPark:54 - name:Motorcycle, uuid:Motorcycle_10, available:true, txid: 
2019-04-13 10:18:26 INFO  CarPark:54 - name:Motorcycle, uuid:Motorcycle_11, available:true, txid: 
2019-04-13 10:18:26 INFO  CarPark:54 - name:Motorcycle, uuid:Motorcycle_12, available:true, txid: 
2019-04-13 10:18:26 INFO  CarPark:54 - name:Motorcycle, uuid:Motorcycle_13, available:true, txid: 
2019-04-13 10:18:26 INFO  CarPark:54 - name:Motorcycle, uuid:Motorcycle_14, available:true, txid: 
2019-04-13 10:18:26 INFO  CarPark:54 - name:Motorcycle, uuid:Motorcycle_15, available:true, txid: 
2019-04-13 10:18:26 INFO  CarPark:54 - name:Car, uuid:Car_1, available:true, txid: 
2019-04-13 10:18:26 INFO  CarPark:54 - name:Car, uuid:Car_2, available:true, txid: 
2019-04-13 10:18:26 INFO  CarPark:54 - name:Car, uuid:Car_3, available:true, txid: 
2019-04-13 10:18:26 INFO  CarPark:54 - name:Car, uuid:Car_4, available:true, txid: 
2019-04-13 10:18:26 INFO  CarPark:54 - name:Car, uuid:Car_5, available:true, txid: 
2019-04-13 10:18:26 INFO  CarPark:54 - name:Car, uuid:Car_6, available:true, txid: 
2019-04-13 10:18:26 INFO  CarPark:54 - name:Car, uuid:Car_7, available:true, txid: 
2019-04-13 10:18:26 INFO  CarPark:54 - name:Car, uuid:Car_8, available:true, txid: 
2019-04-13 10:18:26 INFO  CarPark:54 - name:Car, uuid:Car_9, available:true, txid: 
2019-04-13 10:18:26 INFO  CarPark:54 - name:Car, uuid:Car_10, available:true, txid: 
2019-04-13 10:18:26 INFO  CarPark:54 - name:Car, uuid:Car_11, available:true, txid: 
2019-04-13 10:18:26 INFO  CarPark:54 - name:Car, uuid:Car_12, available:true, txid: 
2019-04-13 10:18:26 INFO  CarPark:54 - name:Car, uuid:Car_13, available:true, txid: 
2019-04-13 10:18:26 INFO  CarPark:54 - name:Car, uuid:Car_14, available:true, txid: 
2019-04-13 10:18:26 INFO  CarPark:54 - name:Car, uuid:Car_15, available:true, txid: 
2019-04-13 10:18:26 INFO  CarPark:54 - name:Car, uuid:Car_16, available:true, txid: 
2019-04-13 10:18:26 INFO  CarPark:54 - name:Car, uuid:Car_17, available:true, txid: 
2019-04-13 10:18:26 INFO  CarPark:54 - name:Car, uuid:Car_18, available:true, txid: 
2019-04-13 10:18:26 INFO  CarPark:54 - name:Car, uuid:Car_19, available:true, txid: 
2019-04-13 10:18:26 INFO  CarPark:54 - name:Car, uuid:Car_20, available:true, txid: 
2019-04-13 10:21:36 INFO  CarPark:48 - =====Parking System Info.======
2019-04-13 10:21:36 INFO  CarPark:50 - =====Space Spec======
2019-04-13 10:21:36 INFO  CarPark:51 - name:Motorcycle, amount:15, price:10 
2019-04-13 10:21:36 INFO  CarPark:51 - name:Car, amount:20, price:30 
2019-04-13 10:21:36 INFO  CarPark:51 - name:Minibus, amount:5, price:40 
2019-04-13 10:21:36 INFO  CarPark:53 - =====Space Status======
2019-04-13 10:21:36 INFO  CarPark:54 - name:Minibus, uuid:Minibus_1, available:true, txid: 
2019-04-13 10:21:36 INFO  CarPark:54 - name:Minibus, uuid:Minibus_2, available:true, txid: 
2019-04-13 10:21:36 INFO  CarPark:54 - name:Minibus, uuid:Minibus_3, available:true, txid: 
2019-04-13 10:21:36 INFO  CarPark:54 - name:Minibus, uuid:Minibus_4, available:true, txid: 
2019-04-13 10:21:36 INFO  CarPark:54 - name:Minibus, uuid:Minibus_5, available:true, txid: 
2019-04-13 10:21:36 INFO  CarPark:54 - name:Motorcycle, uuid:Motorcycle_1, available:true, txid: 
2019-04-13 10:21:36 INFO  CarPark:54 - name:Motorcycle, uuid:Motorcycle_2, available:true, txid: 
2019-04-13 10:21:36 INFO  CarPark:54 - name:Motorcycle, uuid:Motorcycle_3, available:true, txid: 
2019-04-13 10:21:36 INFO  CarPark:54 - name:Motorcycle, uuid:Motorcycle_4, available:true, txid: 
2019-04-13 10:21:36 INFO  CarPark:54 - name:Motorcycle, uuid:Motorcycle_5, available:true, txid: 
2019-04-13 10:21:36 INFO  CarPark:54 - name:Motorcycle, uuid:Motorcycle_6, available:true, txid: 
2019-04-13 10:21:36 INFO  CarPark:54 - name:Motorcycle, uuid:Motorcycle_7, available:true, txid: 
2019-04-13 10:21:36 INFO  CarPark:54 - name:Motorcycle, uuid:Motorcycle_8, available:true, txid: 
2019-04-13 10:21:36 INFO  CarPark:54 - name:Motorcycle, uuid:Motorcycle_9, available:true, txid: 
2019-04-13 10:21:36 INFO  CarPark:54 - name:Motorcycle, uuid:Motorcycle_10, available:true, txid: 
2019-04-13 10:21:36 INFO  CarPark:54 - name:Motorcycle, uuid:Motorcycle_11, available:true, txid: 
2019-04-13 10:21:36 INFO  CarPark:54 - name:Motorcycle, uuid:Motorcycle_12, available:true, txid: 
2019-04-13 10:21:36 INFO  CarPark:54 - name:Motorcycle, uuid:Motorcycle_13, available:true, txid: 
2019-04-13 10:21:36 INFO  CarPark:54 - name:Motorcycle, uuid:Motorcycle_14, available:true, txid: 
2019-04-13 10:21:36 INFO  CarPark:54 - name:Motorcycle, uuid:Motorcycle_15, available:true, txid: 
2019-04-13 10:21:36 INFO  CarPark:54 - name:Car, uuid:Car_1, available:true, txid: 
2019-04-13 10:21:36 INFO  CarPark:54 - name:Car, uuid:Car_2, available:true, txid: 
2019-04-13 10:21:36 INFO  CarPark:54 - name:Car, uuid:Car_3, available:true, txid: 
2019-04-13 10:21:36 INFO  CarPark:54 - name:Car, uuid:Car_4, available:true, txid: 
2019-04-13 10:21:36 INFO  CarPark:54 - name:Car, uuid:Car_5, available:true, txid: 
2019-04-13 10:21:36 INFO  CarPark:54 - name:Car, uuid:Car_6, available:true, txid: 
2019-04-13 10:21:36 INFO  CarPark:54 - name:Car, uuid:Car_7, available:true, txid: 
2019-04-13 10:21:36 INFO  CarPark:54 - name:Car, uuid:Car_8, available:true, txid: 
2019-04-13 10:21:36 INFO  CarPark:54 - name:Car, uuid:Car_9, available:true, txid: 
2019-04-13 10:21:36 INFO  CarPark:54 - name:Car, uuid:Car_10, available:true, txid: 
2019-04-13 10:21:36 INFO  CarPark:54 - name:Car, uuid:Car_11, available:true, txid: 
2019-04-13 10:21:36 INFO  CarPark:54 - name:Car, uuid:Car_12, available:true, txid: 
2019-04-13 10:21:36 INFO  CarPark:54 - name:Car, uuid:Car_13, available:true, txid: 
2019-04-13 10:21:36 INFO  CarPark:54 - name:Car, uuid:Car_14, available:true, txid: 
2019-04-13 10:21:36 INFO  CarPark:54 - name:Car, uuid:Car_15, available:true, txid: 
2019-04-13 10:21:36 INFO  CarPark:54 - name:Car, uuid:Car_16, available:true, txid: 
2019-04-13 10:21:36 INFO  CarPark:54 - name:Car, uuid:Car_17, available:true, txid: 
2019-04-13 10:21:36 INFO  CarPark:54 - name:Car, uuid:Car_18, available:true, txid: 
2019-04-13 10:21:36 INFO  CarPark:54 - name:Car, uuid:Car_19, available:true, txid: 
2019-04-13 10:21:36 INFO  CarPark:54 - name:Car, uuid:Car_20, available:true, txid: 
2019-04-13 10:22:23 INFO  CarPark:48 - =====Parking System Info.======
2019-04-13 10:22:23 INFO  CarPark:50 - =====Space Spec======
2019-04-13 10:22:23 INFO  CarPark:51 - name:Motorcycle, amount:15, price:10 
2019-04-13 10:22:23 INFO  CarPark:51 - name:Car, amount:20, price:30 
2019-04-13 10:22:23 INFO  CarPark:51 - name:Minibus, amount:5, price:40 
2019-04-13 10:22:23 INFO  CarPark:53 - =====Space Status======
2019-04-13 10:22:23 INFO  CarPark:54 - name:Minibus, uuid:Minibus_1, available:true, txid: 
2019-04-13 10:22:23 INFO  CarPark:54 - name:Minibus, uuid:Minibus_2, available:true, txid: 
2019-04-13 10:22:23 INFO  CarPark:54 - name:Minibus, uuid:Minibus_3, available:true, txid: 
2019-04-13 10:22:23 INFO  CarPark:54 - name:Minibus, uuid:Minibus_4, available:true, txid: 
2019-04-13 10:22:23 INFO  CarPark:54 - name:Minibus, uuid:Minibus_5, available:true, txid: 
2019-04-13 10:22:23 INFO  CarPark:54 - name:Motorcycle, uuid:Motorcycle_1, available:true, txid: 
2019-04-13 10:22:23 INFO  CarPark:54 - name:Motorcycle, uuid:Motorcycle_2, available:true, txid: 
2019-04-13 10:22:23 INFO  CarPark:54 - name:Motorcycle, uuid:Motorcycle_3, available:true, txid: 
2019-04-13 10:22:23 INFO  CarPark:54 - name:Motorcycle, uuid:Motorcycle_4, available:true, txid: 
2019-04-13 10:22:23 INFO  CarPark:54 - name:Motorcycle, uuid:Motorcycle_5, available:true, txid: 
2019-04-13 10:22:23 INFO  CarPark:54 - name:Motorcycle, uuid:Motorcycle_6, available:true, txid: 
2019-04-13 10:22:23 INFO  CarPark:54 - name:Motorcycle, uuid:Motorcycle_7, available:true, txid: 
2019-04-13 10:22:23 INFO  CarPark:54 - name:Motorcycle, uuid:Motorcycle_8, available:true, txid: 
2019-04-13 10:22:23 INFO  CarPark:54 - name:Motorcycle, uuid:Motorcycle_9, available:true, txid: 
2019-04-13 10:22:23 INFO  CarPark:54 - name:Motorcycle, uuid:Motorcycle_10, available:true, txid: 
2019-04-13 10:22:23 INFO  CarPark:54 - name:Motorcycle, uuid:Motorcycle_11, available:true, txid: 
2019-04-13 10:22:23 INFO  CarPark:54 - name:Motorcycle, uuid:Motorcycle_12, available:true, txid: 
2019-04-13 10:22:23 INFO  CarPark:54 - name:Motorcycle, uuid:Motorcycle_13, available:true, txid: 
2019-04-13 10:22:23 INFO  CarPark:54 - name:Motorcycle, uuid:Motorcycle_14, available:true, txid: 
2019-04-13 10:22:23 INFO  CarPark:54 - name:Motorcycle, uuid:Motorcycle_15, available:true, txid: 
2019-04-13 10:22:23 INFO  CarPark:54 - name:Car, uuid:Car_1, available:true, txid: 
2019-04-13 10:22:23 INFO  CarPark:54 - name:Car, uuid:Car_2, available:true, txid: 
2019-04-13 10:22:23 INFO  CarPark:54 - name:Car, uuid:Car_3, available:true, txid: 
2019-04-13 10:22:23 INFO  CarPark:54 - name:Car, uuid:Car_4, available:true, txid: 
2019-04-13 10:22:23 INFO  CarPark:54 - name:Car, uuid:Car_5, available:true, txid: 
2019-04-13 10:22:23 INFO  CarPark:54 - name:Car, uuid:Car_6, available:true, txid: 
2019-04-13 10:22:23 INFO  CarPark:54 - name:Car, uuid:Car_7, available:true, txid: 
2019-04-13 10:22:23 INFO  CarPark:54 - name:Car, uuid:Car_8, available:true, txid: 
2019-04-13 10:22:23 INFO  CarPark:54 - name:Car, uuid:Car_9, available:true, txid: 
2019-04-13 10:22:23 INFO  CarPark:54 - name:Car, uuid:Car_10, available:true, txid: 
2019-04-13 10:22:23 INFO  CarPark:54 - name:Car, uuid:Car_11, available:true, txid: 
2019-04-13 10:22:23 INFO  CarPark:54 - name:Car, uuid:Car_12, available:true, txid: 
2019-04-13 10:22:23 INFO  CarPark:54 - name:Car, uuid:Car_13, available:true, txid: 
2019-04-13 10:22:23 INFO  CarPark:54 - name:Car, uuid:Car_14, available:true, txid: 
2019-04-13 10:22:23 INFO  CarPark:54 - name:Car, uuid:Car_15, available:true, txid: 
2019-04-13 10:22:23 INFO  CarPark:54 - name:Car, uuid:Car_16, available:true, txid: 
2019-04-13 10:22:23 INFO  CarPark:54 - name:Car, uuid:Car_17, available:true, txid: 
2019-04-13 10:22:23 INFO  CarPark:54 - name:Car, uuid:Car_18, available:true, txid: 
2019-04-13 10:22:23 INFO  CarPark:54 - name:Car, uuid:Car_19, available:true, txid: 
2019-04-13 10:22:23 INFO  CarPark:54 - name:Car, uuid:Car_20, available:true, txid: 
2019-04-13 10:36:54 INFO  CarPark:48 - =====Parking System Info.======
2019-04-13 10:36:54 INFO  CarPark:50 - =====Space Spec======
2019-04-13 10:36:54 INFO  CarPark:51 - name:Motorcycle, amount:15, price:10 
2019-04-13 10:36:54 INFO  CarPark:51 - name:Car, amount:20, price:30 
2019-04-13 10:36:54 INFO  CarPark:51 - name:Minibus, amount:5, price:40 
2019-04-13 10:36:54 INFO  CarPark:53 - =====Space Status======
2019-04-13 10:36:54 INFO  CarPark:54 - name:Minibus, uuid:Minibus_1, available:true, txid: 
2019-04-13 10:36:54 INFO  CarPark:54 - name:Minibus, uuid:Minibus_2, available:true, txid: 
2019-04-13 10:36:54 INFO  CarPark:54 - name:Minibus, uuid:Minibus_3, available:true, txid: 
2019-04-13 10:36:54 INFO  CarPark:54 - name:Minibus, uuid:Minibus_4, available:true, txid: 
2019-04-13 10:36:54 INFO  CarPark:54 - name:Minibus, uuid:Minibus_5, available:true, txid: 
2019-04-13 10:36:54 INFO  CarPark:54 - name:Motorcycle, uuid:Motorcycle_1, available:true, txid: 
2019-04-13 10:36:54 INFO  CarPark:54 - name:Motorcycle, uuid:Motorcycle_2, available:true, txid: 
2019-04-13 10:36:54 INFO  CarPark:54 - name:Motorcycle, uuid:Motorcycle_3, available:true, txid: 
2019-04-13 10:36:54 INFO  CarPark:54 - name:Motorcycle, uuid:Motorcycle_4, available:true, txid: 
2019-04-13 10:36:54 INFO  CarPark:54 - name:Motorcycle, uuid:Motorcycle_5, available:true, txid: 
2019-04-13 10:36:54 INFO  CarPark:54 - name:Motorcycle, uuid:Motorcycle_6, available:true, txid: 
2019-04-13 10:36:54 INFO  CarPark:54 - name:Motorcycle, uuid:Motorcycle_7, available:true, txid: 
2019-04-13 10:36:54 INFO  CarPark:54 - name:Motorcycle, uuid:Motorcycle_8, available:true, txid: 
2019-04-13 10:36:54 INFO  CarPark:54 - name:Motorcycle, uuid:Motorcycle_9, available:true, txid: 
2019-04-13 10:36:54 INFO  CarPark:54 - name:Motorcycle, uuid:Motorcycle_10, available:true, txid: 
2019-04-13 10:36:54 INFO  CarPark:54 - name:Motorcycle, uuid:Motorcycle_11, available:true, txid: 
2019-04-13 10:36:54 INFO  CarPark:54 - name:Motorcycle, uuid:Motorcycle_12, available:true, txid: 
2019-04-13 10:36:54 INFO  CarPark:54 - name:Motorcycle, uuid:Motorcycle_13, available:true, txid: 
2019-04-13 10:36:54 INFO  CarPark:54 - name:Motorcycle, uuid:Motorcycle_14, available:true, txid: 
2019-04-13 10:36:54 INFO  CarPark:54 - name:Motorcycle, uuid:Motorcycle_15, available:true, txid: 
2019-04-13 10:36:54 INFO  CarPark:54 - name:Car, uuid:Car_1, available:true, txid: 
2019-04-13 10:36:54 INFO  CarPark:54 - name:Car, uuid:Car_2, available:true, txid: 
2019-04-13 10:36:54 INFO  CarPark:54 - name:Car, uuid:Car_3, available:true, txid: 
2019-04-13 10:36:54 INFO  CarPark:54 - name:Car, uuid:Car_4, available:true, txid: 
2019-04-13 10:36:54 INFO  CarPark:54 - name:Car, uuid:Car_5, available:true, txid: 
2019-04-13 10:36:54 INFO  CarPark:54 - name:Car, uuid:Car_6, available:true, txid: 
2019-04-13 10:36:54 INFO  CarPark:54 - name:Car, uuid:Car_7, available:true, txid: 
2019-04-13 10:36:54 INFO  CarPark:54 - name:Car, uuid:Car_8, available:true, txid: 
2019-04-13 10:36:54 INFO  CarPark:54 - name:Car, uuid:Car_9, available:true, txid: 
2019-04-13 10:36:54 INFO  CarPark:54 - name:Car, uuid:Car_10, available:true, txid: 
2019-04-13 10:36:54 INFO  CarPark:54 - name:Car, uuid:Car_11, available:true, txid: 
2019-04-13 10:36:54 INFO  CarPark:54 - name:Car, uuid:Car_12, available:true, txid: 
2019-04-13 10:36:54 INFO  CarPark:54 - name:Car, uuid:Car_13, available:true, txid: 
2019-04-13 10:36:54 INFO  CarPark:54 - name:Car, uuid:Car_14, available:true, txid: 
2019-04-13 10:36:54 INFO  CarPark:54 - name:Car, uuid:Car_15, available:true, txid: 
2019-04-13 10:36:54 INFO  CarPark:54 - name:Car, uuid:Car_16, available:true, txid: 
2019-04-13 10:36:54 INFO  CarPark:54 - name:Car, uuid:Car_17, available:true, txid: 
2019-04-13 10:36:54 INFO  CarPark:54 - name:Car, uuid:Car_18, available:true, txid: 
2019-04-13 10:36:54 INFO  CarPark:54 - name:Car, uuid:Car_19, available:true, txid: 
2019-04-13 10:36:54 INFO  CarPark:54 - name:Car, uuid:Car_20, available:true, txid: 
2019-04-13 10:38:03 INFO  CarPark:48 - =====Parking System Info.======
2019-04-13 10:38:03 INFO  CarPark:50 - =====Space Spec======
2019-04-13 10:38:03 INFO  CarPark:51 - name:Motorcycle, amount:15, price:10 
2019-04-13 10:38:03 INFO  CarPark:51 - name:Car, amount:20, price:30 
2019-04-13 10:38:03 INFO  CarPark:51 - name:Minibus, amount:5, price:40 
2019-04-13 10:38:03 INFO  CarPark:53 - =====Space Status======
2019-04-13 10:38:03 INFO  CarPark:54 - name:Minibus, uuid:Minibus_1, available:true, txid: 
2019-04-13 10:38:03 INFO  CarPark:54 - name:Minibus, uuid:Minibus_2, available:true, txid: 
2019-04-13 10:38:03 INFO  CarPark:54 - name:Minibus, uuid:Minibus_3, available:true, txid: 
2019-04-13 10:38:03 INFO  CarPark:54 - name:Minibus, uuid:Minibus_4, available:true, txid: 
2019-04-13 10:38:03 INFO  CarPark:54 - name:Minibus, uuid:Minibus_5, available:true, txid: 
2019-04-13 10:38:03 INFO  CarPark:54 - name:Motorcycle, uuid:Motorcycle_1, available:true, txid: 
2019-04-13 10:38:03 INFO  CarPark:54 - name:Motorcycle, uuid:Motorcycle_2, available:true, txid: 
2019-04-13 10:38:03 INFO  CarPark:54 - name:Motorcycle, uuid:Motorcycle_3, available:true, txid: 
2019-04-13 10:38:03 INFO  CarPark:54 - name:Motorcycle, uuid:Motorcycle_4, available:true, txid: 
2019-04-13 10:38:03 INFO  CarPark:54 - name:Motorcycle, uuid:Motorcycle_5, available:true, txid: 
2019-04-13 10:38:03 INFO  CarPark:54 - name:Motorcycle, uuid:Motorcycle_6, available:true, txid: 
2019-04-13 10:38:03 INFO  CarPark:54 - name:Motorcycle, uuid:Motorcycle_7, available:true, txid: 
2019-04-13 10:38:03 INFO  CarPark:54 - name:Motorcycle, uuid:Motorcycle_8, available:true, txid: 
2019-04-13 10:38:03 INFO  CarPark:54 - name:Motorcycle, uuid:Motorcycle_9, available:true, txid: 
2019-04-13 10:38:03 INFO  CarPark:54 - name:Motorcycle, uuid:Motorcycle_10, available:true, txid: 
2019-04-13 10:38:03 INFO  CarPark:54 - name:Motorcycle, uuid:Motorcycle_11, available:true, txid: 
2019-04-13 10:38:03 INFO  CarPark:54 - name:Motorcycle, uuid:Motorcycle_12, available:true, txid: 
2019-04-13 10:38:03 INFO  CarPark:54 - name:Motorcycle, uuid:Motorcycle_13, available:true, txid: 
2019-04-13 10:38:03 INFO  CarPark:54 - name:Motorcycle, uuid:Motorcycle_14, available:true, txid: 
2019-04-13 10:38:03 INFO  CarPark:54 - name:Motorcycle, uuid:Motorcycle_15, available:true, txid: 
2019-04-13 10:38:03 INFO  CarPark:54 - name:Car, uuid:Car_1, available:true, txid: 
2019-04-13 10:38:03 INFO  CarPark:54 - name:Car, uuid:Car_2, available:true, txid: 
2019-04-13 10:38:03 INFO  CarPark:54 - name:Car, uuid:Car_3, available:true, txid: 
2019-04-13 10:38:03 INFO  CarPark:54 - name:Car, uuid:Car_4, available:true, txid: 
2019-04-13 10:38:03 INFO  CarPark:54 - name:Car, uuid:Car_5, available:true, txid: 
2019-04-13 10:38:03 INFO  CarPark:54 - name:Car, uuid:Car_6, available:true, txid: 
2019-04-13 10:38:03 INFO  CarPark:54 - name:Car, uuid:Car_7, available:true, txid: 
2019-04-13 10:38:03 INFO  CarPark:54 - name:Car, uuid:Car_8, available:true, txid: 
2019-04-13 10:38:03 INFO  CarPark:54 - name:Car, uuid:Car_9, available:true, txid: 
2019-04-13 10:38:03 INFO  CarPark:54 - name:Car, uuid:Car_10, available:true, txid: 
2019-04-13 10:38:03 INFO  CarPark:54 - name:Car, uuid:Car_11, available:true, txid: 
2019-04-13 10:38:03 INFO  CarPark:54 - name:Car, uuid:Car_12, available:true, txid: 
2019-04-13 10:38:03 INFO  CarPark:54 - name:Car, uuid:Car_13, available:true, txid: 
2019-04-13 10:38:03 INFO  CarPark:54 - name:Car, uuid:Car_14, available:true, txid: 
2019-04-13 10:38:03 INFO  CarPark:54 - name:Car, uuid:Car_15, available:true, txid: 
2019-04-13 10:38:03 INFO  CarPark:54 - name:Car, uuid:Car_16, available:true, txid: 
2019-04-13 10:38:03 INFO  CarPark:54 - name:Car, uuid:Car_17, available:true, txid: 
2019-04-13 10:38:03 INFO  CarPark:54 - name:Car, uuid:Car_18, available:true, txid: 
2019-04-13 10:38:03 INFO  CarPark:54 - name:Car, uuid:Car_19, available:true, txid: 
2019-04-13 10:38:03 INFO  CarPark:54 - name:Car, uuid:Car_20, available:true, txid: 
2019-04-13 10:39:07 INFO  CarPark:48 - =====Parking System Info.======
2019-04-13 10:39:07 INFO  CarPark:50 - =====Space Spec======
2019-04-13 10:39:07 INFO  CarPark:51 - name:Motorcycle, amount:15, price:10 
2019-04-13 10:39:07 INFO  CarPark:51 - name:Car, amount:20, price:30 
2019-04-13 10:39:07 INFO  CarPark:51 - name:Minibus, amount:5, price:40 
2019-04-13 10:39:07 INFO  CarPark:53 - =====Space Status======
2019-04-13 10:39:07 INFO  CarPark:54 - name:Minibus, uuid:Minibus_1, available:true, txid: 
2019-04-13 10:39:07 INFO  CarPark:54 - name:Minibus, uuid:Minibus_2, available:true, txid: 
2019-04-13 10:39:07 INFO  CarPark:54 - name:Minibus, uuid:Minibus_3, available:true, txid: 
2019-04-13 10:39:07 INFO  CarPark:54 - name:Minibus, uuid:Minibus_4, available:true, txid: 
2019-04-13 10:39:07 INFO  CarPark:54 - name:Minibus, uuid:Minibus_5, available:true, txid: 
2019-04-13 10:39:07 INFO  CarPark:54 - name:Motorcycle, uuid:Motorcycle_1, available:true, txid: 
2019-04-13 10:39:07 INFO  CarPark:54 - name:Motorcycle, uuid:Motorcycle_2, available:true, txid: 
2019-04-13 10:39:07 INFO  CarPark:54 - name:Motorcycle, uuid:Motorcycle_3, available:true, txid: 
2019-04-13 10:39:07 INFO  CarPark:54 - name:Motorcycle, uuid:Motorcycle_4, available:true, txid: 
2019-04-13 10:39:07 INFO  CarPark:54 - name:Motorcycle, uuid:Motorcycle_5, available:true, txid: 
2019-04-13 10:39:07 INFO  CarPark:54 - name:Motorcycle, uuid:Motorcycle_6, available:true, txid: 
2019-04-13 10:39:07 INFO  CarPark:54 - name:Motorcycle, uuid:Motorcycle_7, available:true, txid: 
2019-04-13 10:39:07 INFO  CarPark:54 - name:Motorcycle, uuid:Motorcycle_8, available:true, txid: 
2019-04-13 10:39:07 INFO  CarPark:54 - name:Motorcycle, uuid:Motorcycle_9, available:true, txid: 
2019-04-13 10:39:07 INFO  CarPark:54 - name:Motorcycle, uuid:Motorcycle_10, available:true, txid: 
2019-04-13 10:39:07 INFO  CarPark:54 - name:Motorcycle, uuid:Motorcycle_11, available:true, txid: 
2019-04-13 10:39:07 INFO  CarPark:54 - name:Motorcycle, uuid:Motorcycle_12, available:true, txid: 
2019-04-13 10:39:07 INFO  CarPark:54 - name:Motorcycle, uuid:Motorcycle_13, available:true, txid: 
2019-04-13 10:39:07 INFO  CarPark:54 - name:Motorcycle, uuid:Motorcycle_14, available:true, txid: 
2019-04-13 10:39:07 INFO  CarPark:54 - name:Motorcycle, uuid:Motorcycle_15, available:true, txid: 
2019-04-13 10:39:07 INFO  CarPark:54 - name:Car, uuid:Car_1, available:true, txid: 
2019-04-13 10:39:07 INFO  CarPark:54 - name:Car, uuid:Car_2, available:true, txid: 
2019-04-13 10:39:07 INFO  CarPark:54 - name:Car, uuid:Car_3, available:true, txid: 
2019-04-13 10:39:07 INFO  CarPark:54 - name:Car, uuid:Car_4, available:true, txid: 
2019-04-13 10:39:07 INFO  CarPark:54 - name:Car, uuid:Car_5, available:true, txid: 
2019-04-13 10:39:07 INFO  CarPark:54 - name:Car, uuid:Car_6, available:true, txid: 
2019-04-13 10:39:07 INFO  CarPark:54 - name:Car, uuid:Car_7, available:true, txid: 
2019-04-13 10:39:07 INFO  CarPark:54 - name:Car, uuid:Car_8, available:true, txid: 
2019-04-13 10:39:07 INFO  CarPark:54 - name:Car, uuid:Car_9, available:true, txid: 
2019-04-13 10:39:07 INFO  CarPark:54 - name:Car, uuid:Car_10, available:true, txid: 
2019-04-13 10:39:07 INFO  CarPark:54 - name:Car, uuid:Car_11, available:true, txid: 
2019-04-13 10:39:07 INFO  CarPark:54 - name:Car, uuid:Car_12, available:true, txid: 
2019-04-13 10:39:07 INFO  CarPark:54 - name:Car, uuid:Car_13, available:true, txid: 
2019-04-13 10:39:07 INFO  CarPark:54 - name:Car, uuid:Car_14, available:true, txid: 
2019-04-13 10:39:07 INFO  CarPark:54 - name:Car, uuid:Car_15, available:true, txid: 
2019-04-13 10:39:07 INFO  CarPark:54 - name:Car, uuid:Car_16, available:true, txid: 
2019-04-13 10:39:07 INFO  CarPark:54 - name:Car, uuid:Car_17, available:true, txid: 
2019-04-13 10:39:07 INFO  CarPark:54 - name:Car, uuid:Car_18, available:true, txid: 
2019-04-13 10:39:07 INFO  CarPark:54 - name:Car, uuid:Car_19, available:true, txid: 
2019-04-13 10:39:07 INFO  CarPark:54 - name:Car, uuid:Car_20, available:true, txid: 
2019-04-13 12:12:35 INFO  CarPark:51 - =====Parking System Info.======
2019-04-13 12:12:35 INFO  CarPark:53 - =====Space Spec======
2019-04-13 12:12:35 INFO  CarPark:54 - name:Motorcycle, amount:15, price:10 
2019-04-13 12:12:35 INFO  CarPark:54 - name:Car, amount:20, price:30 
2019-04-13 12:12:35 INFO  CarPark:54 - name:Minibus, amount:5, price:40 
2019-04-13 12:12:35 INFO  CarPark:56 - =====Space Status======
2019-04-13 12:12:35 INFO  CarPark:57 - name:Minibus, uuid:Minibus_1, available:true, txid: 
2019-04-13 12:12:35 INFO  CarPark:57 - name:Minibus, uuid:Minibus_2, available:true, txid: 
2019-04-13 12:12:35 INFO  CarPark:57 - name:Minibus, uuid:Minibus_3, available:true, txid: 
2019-04-13 12:12:35 INFO  CarPark:57 - name:Minibus, uuid:Minibus_4, available:true, txid: 
2019-04-13 12:12:35 INFO  CarPark:57 - name:Minibus, uuid:Minibus_5, available:true, txid: 
2019-04-13 12:12:35 INFO  CarPark:57 - name:Motorcycle, uuid:Motorcycle_1, available:true, txid: 
2019-04-13 12:12:35 INFO  CarPark:57 - name:Motorcycle, uuid:Motorcycle_2, available:true, txid: 
2019-04-13 12:12:35 INFO  CarPark:57 - name:Motorcycle, uuid:Motorcycle_3, available:true, txid: 
2019-04-13 12:12:35 INFO  CarPark:57 - name:Motorcycle, uuid:Motorcycle_4, available:true, txid: 
2019-04-13 12:12:35 INFO  CarPark:57 - name:Motorcycle, uuid:Motorcycle_5, available:true, txid: 
2019-04-13 12:12:35 INFO  CarPark:57 - name:Motorcycle, uuid:Motorcycle_6, available:true, txid: 
2019-04-13 12:12:35 INFO  CarPark:57 - name:Motorcycle, uuid:Motorcycle_7, available:true, txid: 
2019-04-13 12:12:35 INFO  CarPark:57 - name:Motorcycle, uuid:Motorcycle_8, available:true, txid: 
2019-04-13 12:12:35 INFO  CarPark:57 - name:Motorcycle, uuid:Motorcycle_9, available:true, txid: 
2019-04-13 12:12:35 INFO  CarPark:57 - name:Motorcycle, uuid:Motorcycle_10, available:true, txid: 
2019-04-13 12:12:35 INFO  CarPark:57 - name:Motorcycle, uuid:Motorcycle_11, available:true, txid: 
2019-04-13 12:12:35 INFO  CarPark:57 - name:Motorcycle, uuid:Motorcycle_12, available:true, txid: 
2019-04-13 12:12:35 INFO  CarPark:57 - name:Motorcycle, uuid:Motorcycle_13, available:true, txid: 
2019-04-13 12:12:35 INFO  CarPark:57 - name:Motorcycle, uuid:Motorcycle_14, available:true, txid: 
2019-04-13 12:12:35 INFO  CarPark:57 - name:Motorcycle, uuid:Motorcycle_15, available:true, txid: 
2019-04-13 12:12:35 INFO  CarPark:57 - name:Car, uuid:Car_1, available:true, txid: 
2019-04-13 12:12:35 INFO  CarPark:57 - name:Car, uuid:Car_2, available:true, txid: 
2019-04-13 12:12:35 INFO  CarPark:57 - name:Car, uuid:Car_3, available:true, txid: 
2019-04-13 12:12:35 INFO  CarPark:57 - name:Car, uuid:Car_4, available:true, txid: 
2019-04-13 12:12:35 INFO  CarPark:57 - name:Car, uuid:Car_5, available:true, txid: 
2019-04-13 12:12:35 INFO  CarPark:57 - name:Car, uuid:Car_6, available:true, txid: 
2019-04-13 12:12:35 INFO  CarPark:57 - name:Car, uuid:Car_7, available:true, txid: 
2019-04-13 12:12:35 INFO  CarPark:57 - name:Car, uuid:Car_8, available:true, txid: 
2019-04-13 12:12:35 INFO  CarPark:57 - name:Car, uuid:Car_9, available:true, txid: 
2019-04-13 12:12:35 INFO  CarPark:57 - name:Car, uuid:Car_10, available:true, txid: 
2019-04-13 12:12:35 INFO  CarPark:57 - name:Car, uuid:Car_11, available:true, txid: 
2019-04-13 12:12:35 INFO  CarPark:57 - name:Car, uuid:Car_12, available:true, txid: 
2019-04-13 12:12:35 INFO  CarPark:57 - name:Car, uuid:Car_13, available:true, txid: 
2019-04-13 12:12:35 INFO  CarPark:57 - name:Car, uuid:Car_14, available:true, txid: 
2019-04-13 12:12:35 INFO  CarPark:57 - name:Car, uuid:Car_15, available:true, txid: 
2019-04-13 12:12:35 INFO  CarPark:57 - name:Car, uuid:Car_16, available:true, txid: 
2019-04-13 12:12:35 INFO  CarPark:57 - name:Car, uuid:Car_17, available:true, txid: 
2019-04-13 12:12:35 INFO  CarPark:57 - name:Car, uuid:Car_18, available:true, txid: 
2019-04-13 12:12:35 INFO  CarPark:57 - name:Car, uuid:Car_19, available:true, txid: 
2019-04-13 12:12:35 INFO  CarPark:57 - name:Car, uuid:Car_20, available:true, txid: 
2019-04-13 12:13:03 INFO  CarPark:51 - =====Parking System Info.======
2019-04-13 12:13:03 INFO  CarPark:53 - =====Space Spec======
2019-04-13 12:13:04 INFO  CarPark:54 - name:Motorcycle, amount:15, price:10 
2019-04-13 12:13:04 INFO  CarPark:54 - name:Car, amount:20, price:30 
2019-04-13 12:13:04 INFO  CarPark:54 - name:Minibus, amount:5, price:40 
2019-04-13 12:13:04 INFO  CarPark:56 - =====Space Status======
2019-04-13 12:13:04 INFO  CarPark:57 - name:Minibus, uuid:Minibus_1, available:true, txid: 
2019-04-13 12:13:04 INFO  CarPark:57 - name:Minibus, uuid:Minibus_2, available:true, txid: 
2019-04-13 12:13:04 INFO  CarPark:57 - name:Minibus, uuid:Minibus_3, available:true, txid: 
2019-04-13 12:13:04 INFO  CarPark:57 - name:Minibus, uuid:Minibus_4, available:true, txid: 
2019-04-13 12:13:04 INFO  CarPark:57 - name:Minibus, uuid:Minibus_5, available:true, txid: 
2019-04-13 12:13:04 INFO  CarPark:57 - name:Motorcycle, uuid:Motorcycle_1, available:true, txid: 
2019-04-13 12:13:04 INFO  CarPark:57 - name:Motorcycle, uuid:Motorcycle_2, available:true, txid: 
2019-04-13 12:13:04 INFO  CarPark:57 - name:Motorcycle, uuid:Motorcycle_3, available:true, txid: 
2019-04-13 12:13:04 INFO  CarPark:57 - name:Motorcycle, uuid:Motorcycle_4, available:true, txid: 
2019-04-13 12:13:04 INFO  CarPark:57 - name:Motorcycle, uuid:Motorcycle_5, available:true, txid: 
2019-04-13 12:13:04 INFO  CarPark:57 - name:Motorcycle, uuid:Motorcycle_6, available:true, txid: 
2019-04-13 12:13:04 INFO  CarPark:57 - name:Motorcycle, uuid:Motorcycle_7, available:true, txid: 
2019-04-13 12:13:04 INFO  CarPark:57 - name:Motorcycle, uuid:Motorcycle_8, available:true, txid: 
2019-04-13 12:13:04 INFO  CarPark:57 - name:Motorcycle, uuid:Motorcycle_9, available:true, txid: 
2019-04-13 12:13:04 INFO  CarPark:57 - name:Motorcycle, uuid:Motorcycle_10, available:true, txid: 
2019-04-13 12:13:04 INFO  CarPark:57 - name:Motorcycle, uuid:Motorcycle_11, available:true, txid: 
2019-04-13 12:13:04 INFO  CarPark:57 - name:Motorcycle, uuid:Motorcycle_12, available:true, txid: 
2019-04-13 12:13:04 INFO  CarPark:57 - name:Motorcycle, uuid:Motorcycle_13, available:true, txid: 
2019-04-13 12:13:04 INFO  CarPark:57 - name:Motorcycle, uuid:Motorcycle_14, available:true, txid: 
2019-04-13 12:13:04 INFO  CarPark:57 - name:Motorcycle, uuid:Motorcycle_15, available:true, txid: 
2019-04-13 12:13:04 INFO  CarPark:57 - name:Car, uuid:Car_1, available:true, txid: 
2019-04-13 12:13:04 INFO  CarPark:57 - name:Car, uuid:Car_2, available:true, txid: 
2019-04-13 12:13:04 INFO  CarPark:57 - name:Car, uuid:Car_3, available:true, txid: 
2019-04-13 12:13:04 INFO  CarPark:57 - name:Car, uuid:Car_4, available:true, txid: 
2019-04-13 12:13:04 INFO  CarPark:57 - name:Car, uuid:Car_5, available:true, txid: 
2019-04-13 12:13:04 INFO  CarPark:57 - name:Car, uuid:Car_6, available:true, txid: 
2019-04-13 12:13:04 INFO  CarPark:57 - name:Car, uuid:Car_7, available:true, txid: 
2019-04-13 12:13:04 INFO  CarPark:57 - name:Car, uuid:Car_8, available:true, txid: 
2019-04-13 12:13:04 INFO  CarPark:57 - name:Car, uuid:Car_9, available:true, txid: 
2019-04-13 12:13:04 INFO  CarPark:57 - name:Car, uuid:Car_10, available:true, txid: 
2019-04-13 12:13:04 INFO  CarPark:57 - name:Car, uuid:Car_11, available:true, txid: 
2019-04-13 12:13:04 INFO  CarPark:57 - name:Car, uuid:Car_12, available:true, txid: 
2019-04-13 12:13:04 INFO  CarPark:57 - name:Car, uuid:Car_13, available:true, txid: 
2019-04-13 12:13:04 INFO  CarPark:57 - name:Car, uuid:Car_14, available:true, txid: 
2019-04-13 12:13:04 INFO  CarPark:57 - name:Car, uuid:Car_15, available:true, txid: 
2019-04-13 12:13:04 INFO  CarPark:57 - name:Car, uuid:Car_16, available:true, txid: 
2019-04-13 12:13:04 INFO  CarPark:57 - name:Car, uuid:Car_17, available:true, txid: 
2019-04-13 12:13:04 INFO  CarPark:57 - name:Car, uuid:Car_18, available:true, txid: 
2019-04-13 12:13:04 INFO  CarPark:57 - name:Car, uuid:Car_19, available:true, txid: 
2019-04-13 12:13:04 INFO  CarPark:57 - name:Car, uuid:Car_20, available:true, txid: 
